2023-04-29T15:28:05.658Z [Modules] Modules initializing
2023-04-29T15:28:05.658Z [Modules] Distribution: remote
2023-04-29T15:28:05.658Z [Modules] Host updates: enabled
2023-04-29T15:28:05.658Z [Modules] Module updates: enabled
2023-04-29T15:28:05.658Z [Modules] Module install path: /home/fufu/.config/discord/0.0.27/modules
2023-04-29T15:28:05.658Z [Modules] Module installed file path: /home/fufu/.config/discord/0.0.27/modules/installed.json
2023-04-29T15:28:05.658Z [Modules] Module download path: /home/fufu/.config/discord/0.0.27/modules/pending
2023-04-29T15:28:05.771Z [Modules] Bootstrapping...
2023-04-29T15:28:05.772Z [Modules] Installing discord_desktop_core@0 from /opt/discord/resources/bootstrap/discord_desktop_core.zip
2023-04-29T15:28:05.773Z [Modules] Failed installing discord_desktop_core@0: Error: ENOENT: no such file or directory, open '/opt/discord/resources/bootstrap/discord_desktop_core.zip'
2023-04-29T15:28:05.774Z [Modules] Installing discord_erlpack@0 from /opt/discord/resources/bootstrap/discord_erlpack.zip
2023-04-29T15:28:05.774Z [Modules] Failed installing discord_erlpack@0: Error: ENOENT: no such file or directory, open '/opt/discord/resources/bootstrap/discord_erlpack.zip'
2023-04-29T15:28:05.775Z [Modules] Installing discord_spellcheck@0 from /opt/discord/resources/bootstrap/discord_spellcheck.zip
2023-04-29T15:28:05.775Z [Modules] Failed installing discord_spellcheck@0: Error: ENOENT: no such file or directory, open '/opt/discord/resources/bootstrap/discord_spellcheck.zip'
2023-04-29T15:28:05.778Z [Modules] Installing discord_utils@0 from /opt/discord/resources/bootstrap/discord_utils.zip
2023-04-29T15:28:05.779Z [Modules] Failed installing discord_utils@0: Error: ENOENT: no such file or directory, open '/opt/discord/resources/bootstrap/discord_utils.zip'
2023-04-29T15:28:05.780Z [Modules] Installing discord_voice@0 from /opt/discord/resources/bootstrap/discord_voice.zip
2023-04-29T15:28:05.781Z [Modules] Failed installing discord_voice@0: Error: ENOENT: no such file or directory, open '/opt/discord/resources/bootstrap/discord_voice.zip'
2023-04-29T15:28:05.782Z [Modules] Finished module installations. [success: 0] [failure: 5]
2023-04-29T15:28:05.782Z [Modules] Checking for host updates.
2023-04-29T15:28:10.906Z [Modules] Host is up to date.
2023-04-29T15:28:10.906Z [Modules] Checking for module updates at https://discord.com/api/modules/stable/versions.json
2023-04-29T15:28:10.946Z [Modules] Module update available: discord_desktop_core@1 [installed: 0]
2023-04-29T15:28:10.946Z [Modules] Module update available: discord_erlpack@1 [installed: 0]
2023-04-29T15:28:10.946Z [Modules] Module update available: discord_spellcheck@1 [installed: 0]
2023-04-29T15:28:10.946Z [Modules] Module update available: discord_utils@1 [installed: 0]
2023-04-29T15:28:10.946Z [Modules] Module update available: discord_voice@1 [installed: 0]
2023-04-29T15:28:10.948Z [Modules] Fetching discord_desktop_core@1 from https://discord.com/api/modules/stable/discord_desktop_core/1
2023-04-29T15:28:10.948Z [Modules] Streaming discord_desktop_core@1 to /home/fufu/.config/discord/0.0.27/modules/pending/discord_desktop_core-1.zip
2023-04-29T15:28:11.075Z [Modules] Streaming discord_desktop_core@1 to /home/fufu/.config/discord/0.0.27/modules/pending/discord_desktop_core-1.zip: 2%
2023-04-29T15:28:11.079Z [Modules] Streaming discord_desktop_core@1 to /home/fufu/.config/discord/0.0.27/modules/pending/discord_desktop_core-1.zip: 4%
2023-04-29T15:28:11.084Z [Modules] Streaming discord_desktop_core@1 to /home/fufu/.config/discord/0.0.27/modules/pending/discord_desktop_core-1.zip: 6%
2023-04-29T15:28:11.086Z [Modules] Streaming discord_desktop_core@1 to /home/fufu/.config/discord/0.0.27/modules/pending/discord_desktop_core-1.zip: 7%
2023-04-29T15:28:11.088Z [Modules] Streaming discord_desktop_core@1 to /home/fufu/.config/discord/0.0.27/modules/pending/discord_desktop_core-1.zip: 10%
2023-04-29T15:28:11.092Z [Modules] Streaming discord_desktop_core@1 to /home/fufu/.config/discord/0.0.27/modules/pending/discord_desktop_core-1.zip: 14%
2023-04-29T15:28:11.093Z [Modules] Streaming discord_desktop_core@1 to /home/fufu/.config/discord/0.0.27/modules/pending/discord_desktop_core-1.zip: 17%
2023-04-29T15:28:11.096Z [Modules] Streaming discord_desktop_core@1 to /home/fufu/.config/discord/0.0.27/modules/pending/discord_desktop_core-1.zip: 23%
2023-04-29T15:28:11.100Z [Modules] Streaming discord_desktop_core@1 to /home/fufu/.config/discord/0.0.27/modules/pending/discord_desktop_core-1.zip: 28%
2023-04-29T15:28:11.103Z [Modules] Streaming discord_desktop_core@1 to /home/fufu/.config/discord/0.0.27/modules/pending/discord_desktop_core-1.zip: 33%
2023-04-29T15:28:11.103Z [Modules] Streaming discord_desktop_core@1 to /home/fufu/.config/discord/0.0.27/modules/pending/discord_desktop_core-1.zip: 35%
2023-04-29T15:28:11.105Z [Modules] Streaming discord_desktop_core@1 to /home/fufu/.config/discord/0.0.27/modules/pending/discord_desktop_core-1.zip: 39%
2023-04-29T15:28:11.108Z [Modules] Streaming discord_desktop_core@1 to /home/fufu/.config/discord/0.0.27/modules/pending/discord_desktop_core-1.zip: 42%
2023-04-29T15:28:11.111Z [Modules] Streaming discord_desktop_core@1 to /home/fufu/.config/discord/0.0.27/modules/pending/discord_desktop_core-1.zip: 43%
2023-04-29T15:28:11.111Z [Modules] Streaming discord_desktop_core@1 to /home/fufu/.config/discord/0.0.27/modules/pending/discord_desktop_core-1.zip: 47%
2023-04-29T15:28:11.112Z [Modules] Streaming discord_desktop_core@1 to /home/fufu/.config/discord/0.0.27/modules/pending/discord_desktop_core-1.zip: 50%
2023-04-29T15:28:11.114Z [Modules] Streaming discord_desktop_core@1 to /home/fufu/.config/discord/0.0.27/modules/pending/discord_desktop_core-1.zip: 54%
2023-04-29T15:28:11.114Z [Modules] Streaming discord_desktop_core@1 to /home/fufu/.config/discord/0.0.27/modules/pending/discord_desktop_core-1.zip: 55%
2023-04-29T15:28:11.116Z [Modules] Streaming discord_desktop_core@1 to /home/fufu/.config/discord/0.0.27/modules/pending/discord_desktop_core-1.zip: 59%
2023-04-29T15:28:11.116Z [Modules] Streaming discord_desktop_core@1 to /home/fufu/.config/discord/0.0.27/modules/pending/discord_desktop_core-1.zip: 60%
2023-04-29T15:28:11.119Z [Modules] Streaming discord_desktop_core@1 to /home/fufu/.config/discord/0.0.27/modules/pending/discord_desktop_core-1.zip: 65%
2023-04-29T15:28:11.119Z [Modules] Streaming discord_desktop_core@1 to /home/fufu/.config/discord/0.0.27/modules/pending/discord_desktop_core-1.zip: 67%
2023-04-29T15:28:11.122Z [Modules] Streaming discord_desktop_core@1 to /home/fufu/.config/discord/0.0.27/modules/pending/discord_desktop_core-1.zip: 71%
2023-04-29T15:28:11.122Z [Modules] Streaming discord_desktop_core@1 to /home/fufu/.config/discord/0.0.27/modules/pending/discord_desktop_core-1.zip: 72%
2023-04-29T15:28:11.124Z [Modules] Streaming discord_desktop_core@1 to /home/fufu/.config/discord/0.0.27/modules/pending/discord_desktop_core-1.zip: 76%
2023-04-29T15:28:11.125Z [Modules] Streaming discord_desktop_core@1 to /home/fufu/.config/discord/0.0.27/modules/pending/discord_desktop_core-1.zip: 78%
2023-04-29T15:28:11.127Z [Modules] Streaming discord_desktop_core@1 to /home/fufu/.config/discord/0.0.27/modules/pending/discord_desktop_core-1.zip: 83%
2023-04-29T15:28:11.127Z [Modules] Streaming discord_desktop_core@1 to /home/fufu/.config/discord/0.0.27/modules/pending/discord_desktop_core-1.zip: 84%
2023-04-29T15:28:11.129Z [Modules] Streaming discord_desktop_core@1 to /home/fufu/.config/discord/0.0.27/modules/pending/discord_desktop_core-1.zip: 88%
2023-04-29T15:28:11.130Z [Modules] Streaming discord_desktop_core@1 to /home/fufu/.config/discord/0.0.27/modules/pending/discord_desktop_core-1.zip: 89%
2023-04-29T15:28:11.132Z [Modules] Streaming discord_desktop_core@1 to /home/fufu/.config/discord/0.0.27/modules/pending/discord_desktop_core-1.zip: 96%
2023-04-29T15:28:11.135Z [Modules] Streaming discord_desktop_core@1 to /home/fufu/.config/discord/0.0.27/modules/pending/discord_desktop_core-1.zip: 100%
2023-04-29T15:28:11.136Z [Modules] Fetching discord_erlpack@1 from https://discord.com/api/modules/stable/discord_erlpack/1
2023-04-29T15:28:11.136Z [Modules] Streaming discord_erlpack@1 to /home/fufu/.config/discord/0.0.27/modules/pending/discord_erlpack-1.zip
2023-04-29T15:28:11.219Z [Modules] Streaming discord_erlpack@1 to /home/fufu/.config/discord/0.0.27/modules/pending/discord_erlpack-1.zip: 3%
2023-04-29T15:28:11.220Z [Modules] Streaming discord_erlpack@1 to /home/fufu/.config/discord/0.0.27/modules/pending/discord_erlpack-1.zip: 6%
2023-04-29T15:28:11.221Z [Modules] Streaming discord_erlpack@1 to /home/fufu/.config/discord/0.0.27/modules/pending/discord_erlpack-1.zip: 10%
2023-04-29T15:28:11.222Z [Modules] Streaming discord_erlpack@1 to /home/fufu/.config/discord/0.0.27/modules/pending/discord_erlpack-1.zip: 12%
2023-04-29T15:28:11.224Z [Modules] Streaming discord_erlpack@1 to /home/fufu/.config/discord/0.0.27/modules/pending/discord_erlpack-1.zip: 16%
2023-04-29T15:28:11.225Z [Modules] Streaming discord_erlpack@1 to /home/fufu/.config/discord/0.0.27/modules/pending/discord_erlpack-1.zip: 17%
2023-04-29T15:28:11.227Z [Modules] Streaming discord_erlpack@1 to /home/fufu/.config/discord/0.0.27/modules/pending/discord_erlpack-1.zip: 21%
2023-04-29T15:28:11.230Z [Modules] Streaming discord_erlpack@1 to /home/fufu/.config/discord/0.0.27/modules/pending/discord_erlpack-1.zip: 25%
2023-04-29T15:28:11.232Z [Modules] Streaming discord_erlpack@1 to /home/fufu/.config/discord/0.0.27/modules/pending/discord_erlpack-1.zip: 31%
2023-04-29T15:28:11.233Z [Modules] Streaming discord_erlpack@1 to /home/fufu/.config/discord/0.0.27/modules/pending/discord_erlpack-1.zip: 32%
2023-04-29T15:28:11.234Z [Modules] Streaming discord_erlpack@1 to /home/fufu/.config/discord/0.0.27/modules/pending/discord_erlpack-1.zip: 38%
2023-04-29T15:28:11.235Z [Modules] Streaming discord_erlpack@1 to /home/fufu/.config/discord/0.0.27/modules/pending/discord_erlpack-1.zip: 42%
2023-04-29T15:28:11.236Z [Modules] Streaming discord_erlpack@1 to /home/fufu/.config/discord/0.0.27/modules/pending/discord_erlpack-1.zip: 43%
2023-04-29T15:28:11.239Z [Modules] Streaming discord_erlpack@1 to /home/fufu/.config/discord/0.0.27/modules/pending/discord_erlpack-1.zip: 48%
2023-04-29T15:28:11.241Z [Modules] Streaming discord_erlpack@1 to /home/fufu/.config/discord/0.0.27/modules/pending/discord_erlpack-1.zip: 52%
2023-04-29T15:28:11.241Z [Modules] Streaming discord_erlpack@1 to /home/fufu/.config/discord/0.0.27/modules/pending/discord_erlpack-1.zip: 53%
2023-04-29T15:28:11.244Z [Modules] Streaming discord_erlpack@1 to /home/fufu/.config/discord/0.0.27/modules/pending/discord_erlpack-1.zip: 57%
2023-04-29T15:28:11.244Z [Modules] Streaming discord_erlpack@1 to /home/fufu/.config/discord/0.0.27/modules/pending/discord_erlpack-1.zip: 58%
2023-04-29T15:28:11.246Z [Modules] Streaming discord_erlpack@1 to /home/fufu/.config/discord/0.0.27/modules/pending/discord_erlpack-1.zip: 61%
2023-04-29T15:28:11.248Z [Modules] Streaming discord_erlpack@1 to /home/fufu/.config/discord/0.0.27/modules/pending/discord_erlpack-1.zip: 65%
2023-04-29T15:28:11.248Z [Modules] Streaming discord_erlpack@1 to /home/fufu/.config/discord/0.0.27/modules/pending/discord_erlpack-1.zip: 66%
2023-04-29T15:28:11.250Z [Modules] Streaming discord_erlpack@1 to /home/fufu/.config/discord/0.0.27/modules/pending/discord_erlpack-1.zip: 70%
2023-04-29T15:28:11.251Z [Modules] Streaming discord_erlpack@1 to /home/fufu/.config/discord/0.0.27/modules/pending/discord_erlpack-1.zip: 71%
2023-04-29T15:28:11.254Z [Modules] Streaming discord_erlpack@1 to /home/fufu/.config/discord/0.0.27/modules/pending/discord_erlpack-1.zip: 75%
2023-04-29T15:28:11.254Z [Modules] Streaming discord_erlpack@1 to /home/fufu/.config/discord/0.0.27/modules/pending/discord_erlpack-1.zip: 76%
2023-04-29T15:28:11.256Z [Modules] Streaming discord_erlpack@1 to /home/fufu/.config/discord/0.0.27/modules/pending/discord_erlpack-1.zip: 80%
2023-04-29T15:28:11.257Z [Modules] Streaming discord_erlpack@1 to /home/fufu/.config/discord/0.0.27/modules/pending/discord_erlpack-1.zip: 81%
2023-04-29T15:28:11.260Z [Modules] Streaming discord_erlpack@1 to /home/fufu/.config/discord/0.0.27/modules/pending/discord_erlpack-1.zip: 85%
2023-04-29T15:28:11.261Z [Modules] Streaming discord_erlpack@1 to /home/fufu/.config/discord/0.0.27/modules/pending/discord_erlpack-1.zip: 87%
2023-04-29T15:28:11.263Z [Modules] Streaming discord_erlpack@1 to /home/fufu/.config/discord/0.0.27/modules/pending/discord_erlpack-1.zip: 91%
2023-04-29T15:28:11.263Z [Modules] Streaming discord_erlpack@1 to /home/fufu/.config/discord/0.0.27/modules/pending/discord_erlpack-1.zip: 92%
2023-04-29T15:28:11.265Z [Modules] Streaming discord_erlpack@1 to /home/fufu/.config/discord/0.0.27/modules/pending/discord_erlpack-1.zip: 96%
2023-04-29T15:28:11.265Z [Modules] Streaming discord_erlpack@1 to /home/fufu/.config/discord/0.0.27/modules/pending/discord_erlpack-1.zip: 97%
2023-04-29T15:28:11.267Z [Modules] Streaming discord_erlpack@1 to /home/fufu/.config/discord/0.0.27/modules/pending/discord_erlpack-1.zip: 100%
2023-04-29T15:28:11.267Z [Modules] Fetching discord_spellcheck@1 from https://discord.com/api/modules/stable/discord_spellcheck/1
2023-04-29T15:28:11.268Z [Modules] Streaming discord_spellcheck@1 to /home/fufu/.config/discord/0.0.27/modules/pending/discord_spellcheck-1.zip
2023-04-29T15:28:11.383Z [Modules] Streaming discord_spellcheck@1 to /home/fufu/.config/discord/0.0.27/modules/pending/discord_spellcheck-1.zip: 1%
2023-04-29T15:28:11.385Z [Modules] Streaming discord_spellcheck@1 to /home/fufu/.config/discord/0.0.27/modules/pending/discord_spellcheck-1.zip: 2%
2023-04-29T15:28:11.389Z [Modules] Streaming discord_spellcheck@1 to /home/fufu/.config/discord/0.0.27/modules/pending/discord_spellcheck-1.zip: 3%
2023-04-29T15:28:11.393Z [Modules] Streaming discord_spellcheck@1 to /home/fufu/.config/discord/0.0.27/modules/pending/discord_spellcheck-1.zip: 4%
2023-04-29T15:28:11.396Z [Modules] Streaming discord_spellcheck@1 to /home/fufu/.config/discord/0.0.27/modules/pending/discord_spellcheck-1.zip: 5%
2023-04-29T15:28:11.400Z [Modules] Streaming discord_spellcheck@1 to /home/fufu/.config/discord/0.0.27/modules/pending/discord_spellcheck-1.zip: 6%
2023-04-29T15:28:11.403Z [Modules] Streaming discord_spellcheck@1 to /home/fufu/.config/discord/0.0.27/modules/pending/discord_spellcheck-1.zip: 7%
2023-04-29T15:28:11.405Z [Modules] Streaming discord_spellcheck@1 to /home/fufu/.config/discord/0.0.27/modules/pending/discord_spellcheck-1.zip: 8%
2023-04-29T15:28:11.410Z [Modules] Streaming discord_spellcheck@1 to /home/fufu/.config/discord/0.0.27/modules/pending/discord_spellcheck-1.zip: 9%
2023-04-29T15:28:11.412Z [Modules] Streaming discord_spellcheck@1 to /home/fufu/.config/discord/0.0.27/modules/pending/discord_spellcheck-1.zip: 10%
2023-04-29T15:28:11.415Z [Modules] Streaming discord_spellcheck@1 to /home/fufu/.config/discord/0.0.27/modules/pending/discord_spellcheck-1.zip: 11%
2023-04-29T15:28:11.421Z [Modules] Streaming discord_spellcheck@1 to /home/fufu/.config/discord/0.0.27/modules/pending/discord_spellcheck-1.zip: 12%
2023-04-29T15:28:11.424Z [Modules] Streaming discord_spellcheck@1 to /home/fufu/.config/discord/0.0.27/modules/pending/discord_spellcheck-1.zip: 13%
2023-04-29T15:28:11.428Z [Modules] Streaming discord_spellcheck@1 to /home/fufu/.config/discord/0.0.27/modules/pending/discord_spellcheck-1.zip: 14%
2023-04-29T15:28:11.431Z [Modules] Streaming discord_spellcheck@1 to /home/fufu/.config/discord/0.0.27/modules/pending/discord_spellcheck-1.zip: 15%
2023-04-29T15:28:11.433Z [Modules] Streaming discord_spellcheck@1 to /home/fufu/.config/discord/0.0.27/modules/pending/discord_spellcheck-1.zip: 16%
2023-04-29T15:28:11.498Z [Modules] Streaming discord_spellcheck@1 to /home/fufu/.config/discord/0.0.27/modules/pending/discord_spellcheck-1.zip: 17%
2023-04-29T15:28:11.500Z [Modules] Streaming discord_spellcheck@1 to /home/fufu/.config/discord/0.0.27/modules/pending/discord_spellcheck-1.zip: 18%
2023-04-29T15:28:11.503Z [Modules] Streaming discord_spellcheck@1 to /home/fufu/.config/discord/0.0.27/modules/pending/discord_spellcheck-1.zip: 19%
2023-04-29T15:28:11.516Z [Modules] Streaming discord_spellcheck@1 to /home/fufu/.config/discord/0.0.27/modules/pending/discord_spellcheck-1.zip: 20%
2023-04-29T15:28:11.518Z [Modules] Streaming discord_spellcheck@1 to /home/fufu/.config/discord/0.0.27/modules/pending/discord_spellcheck-1.zip: 21%
2023-04-29T15:28:11.521Z [Modules] Streaming discord_spellcheck@1 to /home/fufu/.config/discord/0.0.27/modules/pending/discord_spellcheck-1.zip: 22%
2023-04-29T15:28:11.527Z [Modules] Streaming discord_spellcheck@1 to /home/fufu/.config/discord/0.0.27/modules/pending/discord_spellcheck-1.zip: 23%
2023-04-29T15:28:11.531Z [Modules] Streaming discord_spellcheck@1 to /home/fufu/.config/discord/0.0.27/modules/pending/discord_spellcheck-1.zip: 24%
2023-04-29T15:28:11.532Z [Modules] Streaming discord_spellcheck@1 to /home/fufu/.config/discord/0.0.27/modules/pending/discord_spellcheck-1.zip: 25%
2023-04-29T15:28:11.537Z [Modules] Streaming discord_spellcheck@1 to /home/fufu/.config/discord/0.0.27/modules/pending/discord_spellcheck-1.zip: 26%
2023-04-29T15:28:11.540Z [Modules] Streaming discord_spellcheck@1 to /home/fufu/.config/discord/0.0.27/modules/pending/discord_spellcheck-1.zip: 27%
2023-04-29T15:28:11.574Z [Modules] Streaming discord_spellcheck@1 to /home/fufu/.config/discord/0.0.27/modules/pending/discord_spellcheck-1.zip: 28%
2023-04-29T15:28:11.579Z [Modules] Streaming discord_spellcheck@1 to /home/fufu/.config/discord/0.0.27/modules/pending/discord_spellcheck-1.zip: 29%
2023-04-29T15:28:11.581Z [Modules] Streaming discord_spellcheck@1 to /home/fufu/.config/discord/0.0.27/modules/pending/discord_spellcheck-1.zip: 30%
2023-04-29T15:28:11.587Z [Modules] Streaming discord_spellcheck@1 to /home/fufu/.config/discord/0.0.27/modules/pending/discord_spellcheck-1.zip: 31%
2023-04-29T15:28:11.590Z [Modules] Streaming discord_spellcheck@1 to /home/fufu/.config/discord/0.0.27/modules/pending/discord_spellcheck-1.zip: 32%
2023-04-29T15:28:11.593Z [Modules] Streaming discord_spellcheck@1 to /home/fufu/.config/discord/0.0.27/modules/pending/discord_spellcheck-1.zip: 33%
2023-04-29T15:28:11.596Z [Modules] Streaming discord_spellcheck@1 to /home/fufu/.config/discord/0.0.27/modules/pending/discord_spellcheck-1.zip: 34%
2023-04-29T15:28:11.599Z [Modules] Streaming discord_spellcheck@1 to /home/fufu/.config/discord/0.0.27/modules/pending/discord_spellcheck-1.zip: 35%
2023-04-29T15:28:11.602Z [Modules] Streaming discord_spellcheck@1 to /home/fufu/.config/discord/0.0.27/modules/pending/discord_spellcheck-1.zip: 36%
2023-04-29T15:28:11.608Z [Modules] Streaming discord_spellcheck@1 to /home/fufu/.config/discord/0.0.27/modules/pending/discord_spellcheck-1.zip: 37%
2023-04-29T15:28:11.611Z [Modules] Streaming discord_spellcheck@1 to /home/fufu/.config/discord/0.0.27/modules/pending/discord_spellcheck-1.zip: 38%
2023-04-29T15:28:11.612Z [Modules] Streaming discord_spellcheck@1 to /home/fufu/.config/discord/0.0.27/modules/pending/discord_spellcheck-1.zip: 39%
2023-04-29T15:28:11.616Z [Modules] Streaming discord_spellcheck@1 to /home/fufu/.config/discord/0.0.27/modules/pending/discord_spellcheck-1.zip: 40%
2023-04-29T15:28:11.619Z [Modules] Streaming discord_spellcheck@1 to /home/fufu/.config/discord/0.0.27/modules/pending/discord_spellcheck-1.zip: 41%
2023-04-29T15:28:11.621Z [Modules] Streaming discord_spellcheck@1 to /home/fufu/.config/discord/0.0.27/modules/pending/discord_spellcheck-1.zip: 42%
2023-04-29T15:28:11.627Z [Modules] Streaming discord_spellcheck@1 to /home/fufu/.config/discord/0.0.27/modules/pending/discord_spellcheck-1.zip: 43%
2023-04-29T15:28:11.630Z [Modules] Streaming discord_spellcheck@1 to /home/fufu/.config/discord/0.0.27/modules/pending/discord_spellcheck-1.zip: 44%
2023-04-29T15:28:11.633Z [Modules] Streaming discord_spellcheck@1 to /home/fufu/.config/discord/0.0.27/modules/pending/discord_spellcheck-1.zip: 45%
2023-04-29T15:28:11.637Z [Modules] Streaming discord_spellcheck@1 to /home/fufu/.config/discord/0.0.27/modules/pending/discord_spellcheck-1.zip: 46%
2023-04-29T15:28:11.641Z [Modules] Streaming discord_spellcheck@1 to /home/fufu/.config/discord/0.0.27/modules/pending/discord_spellcheck-1.zip: 47%
2023-04-29T15:28:11.666Z [Modules] Streaming discord_spellcheck@1 to /home/fufu/.config/discord/0.0.27/modules/pending/discord_spellcheck-1.zip: 48%
2023-04-29T15:28:11.686Z [Modules] Streaming discord_spellcheck@1 to /home/fufu/.config/discord/0.0.27/modules/pending/discord_spellcheck-1.zip: 49%
2023-04-29T15:28:11.689Z [Modules] Streaming discord_spellcheck@1 to /home/fufu/.config/discord/0.0.27/modules/pending/discord_spellcheck-1.zip: 50%
2023-04-29T15:28:11.691Z [Modules] Streaming discord_spellcheck@1 to /home/fufu/.config/discord/0.0.27/modules/pending/discord_spellcheck-1.zip: 51%
2023-04-29T15:28:11.692Z [Modules] Streaming discord_spellcheck@1 to /home/fufu/.config/discord/0.0.27/modules/pending/discord_spellcheck-1.zip: 52%
2023-04-29T15:28:11.693Z [Modules] Streaming discord_spellcheck@1 to /home/fufu/.config/discord/0.0.27/modules/pending/discord_spellcheck-1.zip: 53%
2023-04-29T15:28:11.694Z [Modules] Streaming discord_spellcheck@1 to /home/fufu/.config/discord/0.0.27/modules/pending/discord_spellcheck-1.zip: 55%
2023-04-29T15:28:11.695Z [Modules] Streaming discord_spellcheck@1 to /home/fufu/.config/discord/0.0.27/modules/pending/discord_spellcheck-1.zip: 56%
2023-04-29T15:28:11.707Z [Modules] Streaming discord_spellcheck@1 to /home/fufu/.config/discord/0.0.27/modules/pending/discord_spellcheck-1.zip: 57%
2023-04-29T15:28:11.714Z [Modules] Streaming discord_spellcheck@1 to /home/fufu/.config/discord/0.0.27/modules/pending/discord_spellcheck-1.zip: 58%
2023-04-29T15:28:11.716Z [Modules] Streaming discord_spellcheck@1 to /home/fufu/.config/discord/0.0.27/modules/pending/discord_spellcheck-1.zip: 59%
2023-04-29T15:28:11.730Z [Modules] Streaming discord_spellcheck@1 to /home/fufu/.config/discord/0.0.27/modules/pending/discord_spellcheck-1.zip: 60%
2023-04-29T15:28:11.740Z [Modules] Streaming discord_spellcheck@1 to /home/fufu/.config/discord/0.0.27/modules/pending/discord_spellcheck-1.zip: 61%
2023-04-29T15:28:11.745Z [Modules] Streaming discord_spellcheck@1 to /home/fufu/.config/discord/0.0.27/modules/pending/discord_spellcheck-1.zip: 62%
2023-04-29T15:28:11.749Z [Modules] Streaming discord_spellcheck@1 to /home/fufu/.config/discord/0.0.27/modules/pending/discord_spellcheck-1.zip: 63%
2023-04-29T15:28:11.754Z [Modules] Streaming discord_spellcheck@1 to /home/fufu/.config/discord/0.0.27/modules/pending/discord_spellcheck-1.zip: 64%
2023-04-29T15:28:11.754Z [Modules] Streaming discord_spellcheck@1 to /home/fufu/.config/discord/0.0.27/modules/pending/discord_spellcheck-1.zip: 65%
2023-04-29T15:28:11.764Z [Modules] Streaming discord_spellcheck@1 to /home/fufu/.config/discord/0.0.27/modules/pending/discord_spellcheck-1.zip: 66%
2023-04-29T15:28:11.772Z [Modules] Streaming discord_spellcheck@1 to /home/fufu/.config/discord/0.0.27/modules/pending/discord_spellcheck-1.zip: 67%
2023-04-29T15:28:11.781Z [Modules] Streaming discord_spellcheck@1 to /home/fufu/.config/discord/0.0.27/modules/pending/discord_spellcheck-1.zip: 68%
2023-04-29T15:28:11.787Z [Modules] Streaming discord_spellcheck@1 to /home/fufu/.config/discord/0.0.27/modules/pending/discord_spellcheck-1.zip: 69%
2023-04-29T15:28:11.794Z [Modules] Streaming discord_spellcheck@1 to /home/fufu/.config/discord/0.0.27/modules/pending/discord_spellcheck-1.zip: 70%
2023-04-29T15:28:11.803Z [Modules] Streaming discord_spellcheck@1 to /home/fufu/.config/discord/0.0.27/modules/pending/discord_spellcheck-1.zip: 71%
2023-04-29T15:28:11.812Z [Modules] Streaming discord_spellcheck@1 to /home/fufu/.config/discord/0.0.27/modules/pending/discord_spellcheck-1.zip: 72%
2023-04-29T15:28:11.818Z [Modules] Streaming discord_spellcheck@1 to /home/fufu/.config/discord/0.0.27/modules/pending/discord_spellcheck-1.zip: 73%
2023-04-29T15:28:11.827Z [Modules] Streaming discord_spellcheck@1 to /home/fufu/.config/discord/0.0.27/modules/pending/discord_spellcheck-1.zip: 74%
2023-04-29T15:28:11.833Z [Modules] Streaming discord_spellcheck@1 to /home/fufu/.config/discord/0.0.27/modules/pending/discord_spellcheck-1.zip: 75%
2023-04-29T15:28:11.840Z [Modules] Streaming discord_spellcheck@1 to /home/fufu/.config/discord/0.0.27/modules/pending/discord_spellcheck-1.zip: 76%
2023-04-29T15:28:11.848Z [Modules] Streaming discord_spellcheck@1 to /home/fufu/.config/discord/0.0.27/modules/pending/discord_spellcheck-1.zip: 77%
2023-04-29T15:28:11.857Z [Modules] Streaming discord_spellcheck@1 to /home/fufu/.config/discord/0.0.27/modules/pending/discord_spellcheck-1.zip: 78%
2023-04-29T15:28:11.866Z [Modules] Streaming discord_spellcheck@1 to /home/fufu/.config/discord/0.0.27/modules/pending/discord_spellcheck-1.zip: 79%
2023-04-29T15:28:11.873Z [Modules] Streaming discord_spellcheck@1 to /home/fufu/.config/discord/0.0.27/modules/pending/discord_spellcheck-1.zip: 80%
2023-04-29T15:28:11.879Z [Modules] Streaming discord_spellcheck@1 to /home/fufu/.config/discord/0.0.27/modules/pending/discord_spellcheck-1.zip: 81%
2023-04-29T15:28:11.887Z [Modules] Streaming discord_spellcheck@1 to /home/fufu/.config/discord/0.0.27/modules/pending/discord_spellcheck-1.zip: 82%
2023-04-29T15:28:11.897Z [Modules] Streaming discord_spellcheck@1 to /home/fufu/.config/discord/0.0.27/modules/pending/discord_spellcheck-1.zip: 83%
2023-04-29T15:28:11.903Z [Modules] Streaming discord_spellcheck@1 to /home/fufu/.config/discord/0.0.27/modules/pending/discord_spellcheck-1.zip: 84%
2023-04-29T15:28:11.913Z [Modules] Streaming discord_spellcheck@1 to /home/fufu/.config/discord/0.0.27/modules/pending/discord_spellcheck-1.zip: 85%
2023-04-29T15:28:11.920Z [Modules] Streaming discord_spellcheck@1 to /home/fufu/.config/discord/0.0.27/modules/pending/discord_spellcheck-1.zip: 86%
2023-04-29T15:28:11.928Z [Modules] Streaming discord_spellcheck@1 to /home/fufu/.config/discord/0.0.27/modules/pending/discord_spellcheck-1.zip: 87%
2023-04-29T15:28:11.935Z [Modules] Streaming discord_spellcheck@1 to /home/fufu/.config/discord/0.0.27/modules/pending/discord_spellcheck-1.zip: 88%
2023-04-29T15:28:11.943Z [Modules] Streaming discord_spellcheck@1 to /home/fufu/.config/discord/0.0.27/modules/pending/discord_spellcheck-1.zip: 89%
2023-04-29T15:28:11.950Z [Modules] Streaming discord_spellcheck@1 to /home/fufu/.config/discord/0.0.27/modules/pending/discord_spellcheck-1.zip: 90%
2023-04-29T15:28:11.957Z [Modules] Streaming discord_spellcheck@1 to /home/fufu/.config/discord/0.0.27/modules/pending/discord_spellcheck-1.zip: 91%
2023-04-29T15:28:11.966Z [Modules] Streaming discord_spellcheck@1 to /home/fufu/.config/discord/0.0.27/modules/pending/discord_spellcheck-1.zip: 92%
2023-04-29T15:28:11.975Z [Modules] Streaming discord_spellcheck@1 to /home/fufu/.config/discord/0.0.27/modules/pending/discord_spellcheck-1.zip: 93%
2023-04-29T15:28:11.982Z [Modules] Streaming discord_spellcheck@1 to /home/fufu/.config/discord/0.0.27/modules/pending/discord_spellcheck-1.zip: 94%
2023-04-29T15:28:11.991Z [Modules] Streaming discord_spellcheck@1 to /home/fufu/.config/discord/0.0.27/modules/pending/discord_spellcheck-1.zip: 95%
2023-04-29T15:28:11.997Z [Modules] Streaming discord_spellcheck@1 to /home/fufu/.config/discord/0.0.27/modules/pending/discord_spellcheck-1.zip: 96%
2023-04-29T15:28:12.003Z [Modules] Streaming discord_spellcheck@1 to /home/fufu/.config/discord/0.0.27/modules/pending/discord_spellcheck-1.zip: 97%
2023-04-29T15:28:12.012Z [Modules] Streaming discord_spellcheck@1 to /home/fufu/.config/discord/0.0.27/modules/pending/discord_spellcheck-1.zip: 98%
2023-04-29T15:28:12.022Z [Modules] Streaming discord_spellcheck@1 to /home/fufu/.config/discord/0.0.27/modules/pending/discord_spellcheck-1.zip: 99%
2023-04-29T15:28:12.027Z [Modules] Streaming discord_spellcheck@1 to /home/fufu/.config/discord/0.0.27/modules/pending/discord_spellcheck-1.zip: 100%
2023-04-29T15:28:12.029Z [Modules] Fetching discord_utils@1 from https://discord.com/api/modules/stable/discord_utils/1
2023-04-29T15:28:12.029Z [Modules] Streaming discord_utils@1 to /home/fufu/.config/discord/0.0.27/modules/pending/discord_utils-1.zip
2023-04-29T15:28:12.123Z [Modules] Streaming discord_utils@1 to /home/fufu/.config/discord/0.0.27/modules/pending/discord_utils-1.zip: 1%
2023-04-29T15:28:12.125Z [Modules] Streaming discord_utils@1 to /home/fufu/.config/discord/0.0.27/modules/pending/discord_utils-1.zip: 2%
2023-04-29T15:28:12.127Z [Modules] Streaming discord_utils@1 to /home/fufu/.config/discord/0.0.27/modules/pending/discord_utils-1.zip: 3%
2023-04-29T15:28:12.131Z [Modules] Streaming discord_utils@1 to /home/fufu/.config/discord/0.0.27/modules/pending/discord_utils-1.zip: 4%
2023-04-29T15:28:12.133Z [Modules] Streaming discord_utils@1 to /home/fufu/.config/discord/0.0.27/modules/pending/discord_utils-1.zip: 5%
2023-04-29T15:28:12.137Z [Modules] Streaming discord_utils@1 to /home/fufu/.config/discord/0.0.27/modules/pending/discord_utils-1.zip: 8%
2023-04-29T15:28:12.142Z [Modules] Streaming discord_utils@1 to /home/fufu/.config/discord/0.0.27/modules/pending/discord_utils-1.zip: 9%
2023-04-29T15:28:12.143Z [Modules] Streaming discord_utils@1 to /home/fufu/.config/discord/0.0.27/modules/pending/discord_utils-1.zip: 10%
2023-04-29T15:28:12.149Z [Modules] Streaming discord_utils@1 to /home/fufu/.config/discord/0.0.27/modules/pending/discord_utils-1.zip: 12%
2023-04-29T15:28:12.152Z [Modules] Streaming discord_utils@1 to /home/fufu/.config/discord/0.0.27/modules/pending/discord_utils-1.zip: 14%
2023-04-29T15:28:12.156Z [Modules] Streaming discord_utils@1 to /home/fufu/.config/discord/0.0.27/modules/pending/discord_utils-1.zip: 15%
2023-04-29T15:28:12.160Z [Modules] Streaming discord_utils@1 to /home/fufu/.config/discord/0.0.27/modules/pending/discord_utils-1.zip: 17%
2023-04-29T15:28:12.161Z [Modules] Streaming discord_utils@1 to /home/fufu/.config/discord/0.0.27/modules/pending/discord_utils-1.zip: 18%
2023-04-29T15:28:12.165Z [Modules] Streaming discord_utils@1 to /home/fufu/.config/discord/0.0.27/modules/pending/discord_utils-1.zip: 19%
2023-04-29T15:28:12.167Z [Modules] Streaming discord_utils@1 to /home/fufu/.config/discord/0.0.27/modules/pending/discord_utils-1.zip: 20%
2023-04-29T15:28:12.170Z [Modules] Streaming discord_utils@1 to /home/fufu/.config/discord/0.0.27/modules/pending/discord_utils-1.zip: 22%
2023-04-29T15:28:12.173Z [Modules] Streaming discord_utils@1 to /home/fufu/.config/discord/0.0.27/modules/pending/discord_utils-1.zip: 23%
2023-04-29T15:28:12.177Z [Modules] Streaming discord_utils@1 to /home/fufu/.config/discord/0.0.27/modules/pending/discord_utils-1.zip: 24%
2023-04-29T15:28:12.180Z [Modules] Streaming discord_utils@1 to /home/fufu/.config/discord/0.0.27/modules/pending/discord_utils-1.zip: 25%
2023-04-29T15:28:12.181Z [Modules] Streaming discord_utils@1 to /home/fufu/.config/discord/0.0.27/modules/pending/discord_utils-1.zip: 26%
2023-04-29T15:28:12.184Z [Modules] Streaming discord_utils@1 to /home/fufu/.config/discord/0.0.27/modules/pending/discord_utils-1.zip: 27%
2023-04-29T15:28:12.186Z [Modules] Streaming discord_utils@1 to /home/fufu/.config/discord/0.0.27/modules/pending/discord_utils-1.zip: 28%
2023-04-29T15:28:12.190Z [Modules] Streaming discord_utils@1 to /home/fufu/.config/discord/0.0.27/modules/pending/discord_utils-1.zip: 30%
2023-04-29T15:28:12.192Z [Modules] Streaming discord_utils@1 to /home/fufu/.config/discord/0.0.27/modules/pending/discord_utils-1.zip: 31%
2023-04-29T15:28:12.195Z [Modules] Streaming discord_utils@1 to /home/fufu/.config/discord/0.0.27/modules/pending/discord_utils-1.zip: 32%
2023-04-29T15:28:12.197Z [Modules] Streaming discord_utils@1 to /home/fufu/.config/discord/0.0.27/modules/pending/discord_utils-1.zip: 33%
2023-04-29T15:28:12.201Z [Modules] Streaming discord_utils@1 to /home/fufu/.config/discord/0.0.27/modules/pending/discord_utils-1.zip: 35%
2023-04-29T15:28:12.203Z [Modules] Streaming discord_utils@1 to /home/fufu/.config/discord/0.0.27/modules/pending/discord_utils-1.zip: 36%
2023-04-29T15:28:12.208Z [Modules] Streaming discord_utils@1 to /home/fufu/.config/discord/0.0.27/modules/pending/discord_utils-1.zip: 37%
2023-04-29T15:28:12.210Z [Modules] Streaming discord_utils@1 to /home/fufu/.config/discord/0.0.27/modules/pending/discord_utils-1.zip: 38%
2023-04-29T15:28:12.212Z [Modules] Streaming discord_utils@1 to /home/fufu/.config/discord/0.0.27/modules/pending/discord_utils-1.zip: 39%
2023-04-29T15:28:12.215Z [Modules] Streaming discord_utils@1 to /home/fufu/.config/discord/0.0.27/modules/pending/discord_utils-1.zip: 41%
2023-04-29T15:28:12.217Z [Modules] Streaming discord_utils@1 to /home/fufu/.config/discord/0.0.27/modules/pending/discord_utils-1.zip: 42%
2023-04-29T15:28:12.219Z [Modules] Streaming discord_utils@1 to /home/fufu/.config/discord/0.0.27/modules/pending/discord_utils-1.zip: 43%
2023-04-29T15:28:12.221Z [Modules] Streaming discord_utils@1 to /home/fufu/.config/discord/0.0.27/modules/pending/discord_utils-1.zip: 45%
2023-04-29T15:28:12.226Z [Modules] Streaming discord_utils@1 to /home/fufu/.config/discord/0.0.27/modules/pending/discord_utils-1.zip: 47%
2023-04-29T15:28:12.228Z [Modules] Streaming discord_utils@1 to /home/fufu/.config/discord/0.0.27/modules/pending/discord_utils-1.zip: 48%
2023-04-29T15:28:12.231Z [Modules] Streaming discord_utils@1 to /home/fufu/.config/discord/0.0.27/modules/pending/discord_utils-1.zip: 50%
2023-04-29T15:28:12.235Z [Modules] Streaming discord_utils@1 to /home/fufu/.config/discord/0.0.27/modules/pending/discord_utils-1.zip: 51%
2023-04-29T15:28:12.237Z [Modules] Streaming discord_utils@1 to /home/fufu/.config/discord/0.0.27/modules/pending/discord_utils-1.zip: 52%
2023-04-29T15:28:12.238Z [Modules] Streaming discord_utils@1 to /home/fufu/.config/discord/0.0.27/modules/pending/discord_utils-1.zip: 53%
2023-04-29T15:28:12.241Z [Modules] Streaming discord_utils@1 to /home/fufu/.config/discord/0.0.27/modules/pending/discord_utils-1.zip: 55%
2023-04-29T15:28:12.243Z [Modules] Streaming discord_utils@1 to /home/fufu/.config/discord/0.0.27/modules/pending/discord_utils-1.zip: 56%
2023-04-29T15:28:12.245Z [Modules] Streaming discord_utils@1 to /home/fufu/.config/discord/0.0.27/modules/pending/discord_utils-1.zip: 57%
2023-04-29T15:28:12.248Z [Modules] Streaming discord_utils@1 to /home/fufu/.config/discord/0.0.27/modules/pending/discord_utils-1.zip: 59%
2023-04-29T15:28:12.251Z [Modules] Streaming discord_utils@1 to /home/fufu/.config/discord/0.0.27/modules/pending/discord_utils-1.zip: 61%
2023-04-29T15:28:12.253Z [Modules] Streaming discord_utils@1 to /home/fufu/.config/discord/0.0.27/modules/pending/discord_utils-1.zip: 63%
2023-04-29T15:28:12.258Z [Modules] Streaming discord_utils@1 to /home/fufu/.config/discord/0.0.27/modules/pending/discord_utils-1.zip: 64%
2023-04-29T15:28:12.261Z [Modules] Streaming discord_utils@1 to /home/fufu/.config/discord/0.0.27/modules/pending/discord_utils-1.zip: 66%
2023-04-29T15:28:12.262Z [Modules] Streaming discord_utils@1 to /home/fufu/.config/discord/0.0.27/modules/pending/discord_utils-1.zip: 68%
2023-04-29T15:28:12.266Z [Modules] Streaming discord_utils@1 to /home/fufu/.config/discord/0.0.27/modules/pending/discord_utils-1.zip: 69%
2023-04-29T15:28:12.266Z [Modules] Streaming discord_utils@1 to /home/fufu/.config/discord/0.0.27/modules/pending/discord_utils-1.zip: 70%
2023-04-29T15:28:12.270Z [Modules] Streaming discord_utils@1 to /home/fufu/.config/discord/0.0.27/modules/pending/discord_utils-1.zip: 71%
2023-04-29T15:28:12.272Z [Modules] Streaming discord_utils@1 to /home/fufu/.config/discord/0.0.27/modules/pending/discord_utils-1.zip: 72%
2023-04-29T15:28:12.274Z [Modules] Streaming discord_utils@1 to /home/fufu/.config/discord/0.0.27/modules/pending/discord_utils-1.zip: 74%
2023-04-29T15:28:12.276Z [Modules] Streaming discord_utils@1 to /home/fufu/.config/discord/0.0.27/modules/pending/discord_utils-1.zip: 76%
2023-04-29T15:28:12.279Z [Modules] Streaming discord_utils@1 to /home/fufu/.config/discord/0.0.27/modules/pending/discord_utils-1.zip: 78%
2023-04-29T15:28:12.282Z [Modules] Streaming discord_utils@1 to /home/fufu/.config/discord/0.0.27/modules/pending/discord_utils-1.zip: 79%
2023-04-29T15:28:12.285Z [Modules] Streaming discord_utils@1 to /home/fufu/.config/discord/0.0.27/modules/pending/discord_utils-1.zip: 82%
2023-04-29T15:28:12.288Z [Modules] Streaming discord_utils@1 to /home/fufu/.config/discord/0.0.27/modules/pending/discord_utils-1.zip: 84%
2023-04-29T15:28:12.292Z [Modules] Streaming discord_utils@1 to /home/fufu/.config/discord/0.0.27/modules/pending/discord_utils-1.zip: 86%
2023-04-29T15:28:12.295Z [Modules] Streaming discord_utils@1 to /home/fufu/.config/discord/0.0.27/modules/pending/discord_utils-1.zip: 88%
2023-04-29T15:28:12.297Z [Modules] Streaming discord_utils@1 to /home/fufu/.config/discord/0.0.27/modules/pending/discord_utils-1.zip: 90%
2023-04-29T15:28:12.300Z [Modules] Streaming discord_utils@1 to /home/fufu/.config/discord/0.0.27/modules/pending/discord_utils-1.zip: 92%
2023-04-29T15:28:12.305Z [Modules] Streaming discord_utils@1 to /home/fufu/.config/discord/0.0.27/modules/pending/discord_utils-1.zip: 94%
2023-04-29T15:28:12.307Z [Modules] Streaming discord_utils@1 to /home/fufu/.config/discord/0.0.27/modules/pending/discord_utils-1.zip: 96%
2023-04-29T15:28:12.311Z [Modules] Streaming discord_utils@1 to /home/fufu/.config/discord/0.0.27/modules/pending/discord_utils-1.zip: 98%
2023-04-29T15:28:12.313Z [Modules] Streaming discord_utils@1 to /home/fufu/.config/discord/0.0.27/modules/pending/discord_utils-1.zip: 100%
2023-04-29T15:28:12.313Z [Modules] Fetching discord_voice@1 from https://discord.com/api/modules/stable/discord_voice/1
2023-04-29T15:28:12.314Z [Modules] Streaming discord_voice@1 to /home/fufu/.config/discord/0.0.27/modules/pending/discord_voice-1.zip
2023-04-29T15:28:12.400Z [Modules] Streaming discord_voice@1 to /home/fufu/.config/discord/0.0.27/modules/pending/discord_voice-1.zip: 1%
2023-04-29T15:28:12.414Z [Modules] Streaming discord_voice@1 to /home/fufu/.config/discord/0.0.27/modules/pending/discord_voice-1.zip: 2%
2023-04-29T15:28:12.421Z [Modules] Streaming discord_voice@1 to /home/fufu/.config/discord/0.0.27/modules/pending/discord_voice-1.zip: 3%
2023-04-29T15:28:12.431Z [Modules] Streaming discord_voice@1 to /home/fufu/.config/discord/0.0.27/modules/pending/discord_voice-1.zip: 4%
2023-04-29T15:28:12.444Z [Modules] Streaming discord_voice@1 to /home/fufu/.config/discord/0.0.27/modules/pending/discord_voice-1.zip: 5%
2023-04-29T15:28:12.451Z [Modules] Streaming discord_voice@1 to /home/fufu/.config/discord/0.0.27/modules/pending/discord_voice-1.zip: 6%
2023-04-29T15:28:12.462Z [Modules] Streaming discord_voice@1 to /home/fufu/.config/discord/0.0.27/modules/pending/discord_voice-1.zip: 7%
2023-04-29T15:28:12.471Z [Modules] Streaming discord_voice@1 to /home/fufu/.config/discord/0.0.27/modules/pending/discord_voice-1.zip: 8%
2023-04-29T15:28:12.480Z [Modules] Streaming discord_voice@1 to /home/fufu/.config/discord/0.0.27/modules/pending/discord_voice-1.zip: 9%
2023-04-29T15:28:12.486Z [Modules] Streaming discord_voice@1 to /home/fufu/.config/discord/0.0.27/modules/pending/discord_voice-1.zip: 10%
2023-04-29T15:28:12.494Z [Modules] Streaming discord_voice@1 to /home/fufu/.config/discord/0.0.27/modules/pending/discord_voice-1.zip: 11%
2023-04-29T15:28:12.503Z [Modules] Streaming discord_voice@1 to /home/fufu/.config/discord/0.0.27/modules/pending/discord_voice-1.zip: 12%
2023-04-29T15:28:12.511Z [Modules] Streaming discord_voice@1 to /home/fufu/.config/discord/0.0.27/modules/pending/discord_voice-1.zip: 13%
2023-04-29T15:28:12.519Z [Modules] Streaming discord_voice@1 to /home/fufu/.config/discord/0.0.27/modules/pending/discord_voice-1.zip: 14%
2023-04-29T15:28:12.527Z [Modules] Streaming discord_voice@1 to /home/fufu/.config/discord/0.0.27/modules/pending/discord_voice-1.zip: 15%
2023-04-29T15:28:12.534Z [Modules] Streaming discord_voice@1 to /home/fufu/.config/discord/0.0.27/modules/pending/discord_voice-1.zip: 16%
2023-04-29T15:28:12.540Z [Modules] Streaming discord_voice@1 to /home/fufu/.config/discord/0.0.27/modules/pending/discord_voice-1.zip: 17%
2023-04-29T15:28:12.590Z [Modules] Streaming discord_voice@1 to /home/fufu/.config/discord/0.0.27/modules/pending/discord_voice-1.zip: 18%
2023-04-29T15:28:12.593Z [Modules] Streaming discord_voice@1 to /home/fufu/.config/discord/0.0.27/modules/pending/discord_voice-1.zip: 19%
2023-04-29T15:28:12.598Z [Modules] Streaming discord_voice@1 to /home/fufu/.config/discord/0.0.27/modules/pending/discord_voice-1.zip: 20%
2023-04-29T15:28:12.608Z [Modules] Streaming discord_voice@1 to /home/fufu/.config/discord/0.0.27/modules/pending/discord_voice-1.zip: 21%
2023-04-29T15:28:12.616Z [Modules] Streaming discord_voice@1 to /home/fufu/.config/discord/0.0.27/modules/pending/discord_voice-1.zip: 22%
2023-04-29T15:28:12.631Z [Modules] Streaming discord_voice@1 to /home/fufu/.config/discord/0.0.27/modules/pending/discord_voice-1.zip: 23%
2023-04-29T15:28:12.647Z [Modules] Streaming discord_voice@1 to /home/fufu/.config/discord/0.0.27/modules/pending/discord_voice-1.zip: 24%
2023-04-29T15:28:12.666Z [Modules] Streaming discord_voice@1 to /home/fufu/.config/discord/0.0.27/modules/pending/discord_voice-1.zip: 25%
2023-04-29T15:28:12.678Z [Modules] Streaming discord_voice@1 to /home/fufu/.config/discord/0.0.27/modules/pending/discord_voice-1.zip: 26%
2023-04-29T15:28:12.692Z [Modules] Streaming discord_voice@1 to /home/fufu/.config/discord/0.0.27/modules/pending/discord_voice-1.zip: 27%
2023-04-29T15:28:12.709Z [Modules] Streaming discord_voice@1 to /home/fufu/.config/discord/0.0.27/modules/pending/discord_voice-1.zip: 28%
2023-04-29T15:28:12.723Z [Modules] Streaming discord_voice@1 to /home/fufu/.config/discord/0.0.27/modules/pending/discord_voice-1.zip: 29%
2023-04-29T15:28:12.736Z [Modules] Streaming discord_voice@1 to /home/fufu/.config/discord/0.0.27/modules/pending/discord_voice-1.zip: 30%
2023-04-29T15:28:12.750Z [Modules] Streaming discord_voice@1 to /home/fufu/.config/discord/0.0.27/modules/pending/discord_voice-1.zip: 31%
2023-04-29T15:28:12.769Z [Modules] Streaming discord_voice@1 to /home/fufu/.config/discord/0.0.27/modules/pending/discord_voice-1.zip: 32%
2023-04-29T15:28:12.785Z [Modules] Streaming discord_voice@1 to /home/fufu/.config/discord/0.0.27/modules/pending/discord_voice-1.zip: 33%
2023-04-29T15:28:12.798Z [Modules] Streaming discord_voice@1 to /home/fufu/.config/discord/0.0.27/modules/pending/discord_voice-1.zip: 34%
2023-04-29T15:28:12.812Z [Modules] Streaming discord_voice@1 to /home/fufu/.config/discord/0.0.27/modules/pending/discord_voice-1.zip: 35%
2023-04-29T15:28:12.830Z [Modules] Streaming discord_voice@1 to /home/fufu/.config/discord/0.0.27/modules/pending/discord_voice-1.zip: 36%
2023-04-29T15:28:12.845Z [Modules] Streaming discord_voice@1 to /home/fufu/.config/discord/0.0.27/modules/pending/discord_voice-1.zip: 37%
2023-04-29T15:28:12.860Z [Modules] Streaming discord_voice@1 to /home/fufu/.config/discord/0.0.27/modules/pending/discord_voice-1.zip: 38%
2023-04-29T15:28:12.875Z [Modules] Streaming discord_voice@1 to /home/fufu/.config/discord/0.0.27/modules/pending/discord_voice-1.zip: 39%
2023-04-29T15:28:12.889Z [Modules] Streaming discord_voice@1 to /home/fufu/.config/discord/0.0.27/modules/pending/discord_voice-1.zip: 40%
2023-04-29T15:28:12.908Z [Modules] Streaming discord_voice@1 to /home/fufu/.config/discord/0.0.27/modules/pending/discord_voice-1.zip: 41%
2023-04-29T15:28:12.921Z [Modules] Streaming discord_voice@1 to /home/fufu/.config/discord/0.0.27/modules/pending/discord_voice-1.zip: 42%
2023-04-29T15:28:12.934Z [Modules] Streaming discord_voice@1 to /home/fufu/.config/discord/0.0.27/modules/pending/discord_voice-1.zip: 43%
2023-04-29T15:28:12.953Z [Modules] Streaming discord_voice@1 to /home/fufu/.config/discord/0.0.27/modules/pending/discord_voice-1.zip: 44%
2023-04-29T15:28:12.964Z [Modules] Streaming discord_voice@1 to /home/fufu/.config/discord/0.0.27/modules/pending/discord_voice-1.zip: 45%
2023-04-29T15:28:12.980Z [Modules] Streaming discord_voice@1 to /home/fufu/.config/discord/0.0.27/modules/pending/discord_voice-1.zip: 46%
2023-04-29T15:28:12.996Z [Modules] Streaming discord_voice@1 to /home/fufu/.config/discord/0.0.27/modules/pending/discord_voice-1.zip: 47%
2023-04-29T15:28:13.010Z [Modules] Streaming discord_voice@1 to /home/fufu/.config/discord/0.0.27/modules/pending/discord_voice-1.zip: 48%
2023-04-29T15:28:13.026Z [Modules] Streaming discord_voice@1 to /home/fufu/.config/discord/0.0.27/modules/pending/discord_voice-1.zip: 49%
2023-04-29T15:28:13.042Z [Modules] Streaming discord_voice@1 to /home/fufu/.config/discord/0.0.27/modules/pending/discord_voice-1.zip: 50%
2023-04-29T15:28:13.056Z [Modules] Streaming discord_voice@1 to /home/fufu/.config/discord/0.0.27/modules/pending/discord_voice-1.zip: 51%
2023-04-29T15:28:13.074Z [Modules] Streaming discord_voice@1 to /home/fufu/.config/discord/0.0.27/modules/pending/discord_voice-1.zip: 52%
2023-04-29T15:28:13.086Z [Modules] Streaming discord_voice@1 to /home/fufu/.config/discord/0.0.27/modules/pending/discord_voice-1.zip: 53%
2023-04-29T15:28:13.100Z [Modules] Streaming discord_voice@1 to /home/fufu/.config/discord/0.0.27/modules/pending/discord_voice-1.zip: 54%
2023-04-29T15:28:13.118Z [Modules] Streaming discord_voice@1 to /home/fufu/.config/discord/0.0.27/modules/pending/discord_voice-1.zip: 55%
2023-04-29T15:28:13.136Z [Modules] Streaming discord_voice@1 to /home/fufu/.config/discord/0.0.27/modules/pending/discord_voice-1.zip: 56%
2023-04-29T15:28:13.148Z [Modules] Streaming discord_voice@1 to /home/fufu/.config/discord/0.0.27/modules/pending/discord_voice-1.zip: 57%
2023-04-29T15:28:13.163Z [Modules] Streaming discord_voice@1 to /home/fufu/.config/discord/0.0.27/modules/pending/discord_voice-1.zip: 58%
2023-04-29T15:28:13.180Z [Modules] Streaming discord_voice@1 to /home/fufu/.config/discord/0.0.27/modules/pending/discord_voice-1.zip: 59%
2023-04-29T15:28:13.195Z [Modules] Streaming discord_voice@1 to /home/fufu/.config/discord/0.0.27/modules/pending/discord_voice-1.zip: 60%
2023-04-29T15:28:13.208Z [Modules] Streaming discord_voice@1 to /home/fufu/.config/discord/0.0.27/modules/pending/discord_voice-1.zip: 61%
2023-04-29T15:28:13.224Z [Modules] Streaming discord_voice@1 to /home/fufu/.config/discord/0.0.27/modules/pending/discord_voice-1.zip: 62%
2023-04-29T15:28:13.241Z [Modules] Streaming discord_voice@1 to /home/fufu/.config/discord/0.0.27/modules/pending/discord_voice-1.zip: 63%
2023-04-29T15:28:13.254Z [Modules] Streaming discord_voice@1 to /home/fufu/.config/discord/0.0.27/modules/pending/discord_voice-1.zip: 64%
2023-04-29T15:28:13.270Z [Modules] Streaming discord_voice@1 to /home/fufu/.config/discord/0.0.27/modules/pending/discord_voice-1.zip: 65%
2023-04-29T15:28:13.284Z [Modules] Streaming discord_voice@1 to /home/fufu/.config/discord/0.0.27/modules/pending/discord_voice-1.zip: 66%
2023-04-29T15:28:13.303Z [Modules] Streaming discord_voice@1 to /home/fufu/.config/discord/0.0.27/modules/pending/discord_voice-1.zip: 67%
2023-04-29T15:28:13.309Z [Modules] Streaming discord_voice@1 to /home/fufu/.config/discord/0.0.27/modules/pending/discord_voice-1.zip: 68%
2023-04-29T15:28:13.330Z [Modules] Streaming discord_voice@1 to /home/fufu/.config/discord/0.0.27/modules/pending/discord_voice-1.zip: 69%
2023-04-29T15:28:13.344Z [Modules] Streaming discord_voice@1 to /home/fufu/.config/discord/0.0.27/modules/pending/discord_voice-1.zip: 70%
2023-04-29T15:28:13.361Z [Modules] Streaming discord_voice@1 to /home/fufu/.config/discord/0.0.27/modules/pending/discord_voice-1.zip: 71%
2023-04-29T15:28:13.375Z [Modules] Streaming discord_voice@1 to /home/fufu/.config/discord/0.0.27/modules/pending/discord_voice-1.zip: 72%
2023-04-29T15:28:13.390Z [Modules] Streaming discord_voice@1 to /home/fufu/.config/discord/0.0.27/modules/pending/discord_voice-1.zip: 73%
2023-04-29T15:28:13.408Z [Modules] Streaming discord_voice@1 to /home/fufu/.config/discord/0.0.27/modules/pending/discord_voice-1.zip: 74%
2023-04-29T15:28:13.422Z [Modules] Streaming discord_voice@1 to /home/fufu/.config/discord/0.0.27/modules/pending/discord_voice-1.zip: 75%
2023-04-29T15:28:13.436Z [Modules] Streaming discord_voice@1 to /home/fufu/.config/discord/0.0.27/modules/pending/discord_voice-1.zip: 76%
2023-04-29T15:28:13.455Z [Modules] Streaming discord_voice@1 to /home/fufu/.config/discord/0.0.27/modules/pending/discord_voice-1.zip: 77%
2023-04-29T15:28:13.470Z [Modules] Streaming discord_voice@1 to /home/fufu/.config/discord/0.0.27/modules/pending/discord_voice-1.zip: 78%
2023-04-29T15:28:13.480Z [Modules] Streaming discord_voice@1 to /home/fufu/.config/discord/0.0.27/modules/pending/discord_voice-1.zip: 79%
2023-04-29T15:28:13.498Z [Modules] Streaming discord_voice@1 to /home/fufu/.config/discord/0.0.27/modules/pending/discord_voice-1.zip: 80%
2023-04-29T15:28:13.514Z [Modules] Streaming discord_voice@1 to /home/fufu/.config/discord/0.0.27/modules/pending/discord_voice-1.zip: 81%
2023-04-29T15:28:13.527Z [Modules] Streaming discord_voice@1 to /home/fufu/.config/discord/0.0.27/modules/pending/discord_voice-1.zip: 82%
2023-04-29T15:28:13.546Z [Modules] Streaming discord_voice@1 to /home/fufu/.config/discord/0.0.27/modules/pending/discord_voice-1.zip: 83%
2023-04-29T15:28:13.552Z [Modules] Streaming discord_voice@1 to /home/fufu/.config/discord/0.0.27/modules/pending/discord_voice-1.zip: 84%
2023-04-29T15:28:13.576Z [Modules] Streaming discord_voice@1 to /home/fufu/.config/discord/0.0.27/modules/pending/discord_voice-1.zip: 85%
2023-04-29T15:28:13.589Z [Modules] Streaming discord_voice@1 to /home/fufu/.config/discord/0.0.27/modules/pending/discord_voice-1.zip: 86%
2023-04-29T15:28:13.606Z [Modules] Streaming discord_voice@1 to /home/fufu/.config/discord/0.0.27/modules/pending/discord_voice-1.zip: 87%
2023-04-29T15:28:13.620Z [Modules] Streaming discord_voice@1 to /home/fufu/.config/discord/0.0.27/modules/pending/discord_voice-1.zip: 88%
2023-04-29T15:28:13.636Z [Modules] Streaming discord_voice@1 to /home/fufu/.config/discord/0.0.27/modules/pending/discord_voice-1.zip: 89%
2023-04-29T15:28:13.651Z [Modules] Streaming discord_voice@1 to /home/fufu/.config/discord/0.0.27/modules/pending/discord_voice-1.zip: 90%
2023-04-29T15:28:13.665Z [Modules] Streaming discord_voice@1 to /home/fufu/.config/discord/0.0.27/modules/pending/discord_voice-1.zip: 91%
2023-04-29T15:28:13.683Z [Modules] Streaming discord_voice@1 to /home/fufu/.config/discord/0.0.27/modules/pending/discord_voice-1.zip: 92%
2023-04-29T15:28:13.692Z [Modules] Streaming discord_voice@1 to /home/fufu/.config/discord/0.0.27/modules/pending/discord_voice-1.zip: 93%
2023-04-29T15:28:13.711Z [Modules] Streaming discord_voice@1 to /home/fufu/.config/discord/0.0.27/modules/pending/discord_voice-1.zip: 94%
2023-04-29T15:28:13.718Z [Modules] Streaming discord_voice@1 to /home/fufu/.config/discord/0.0.27/modules/pending/discord_voice-1.zip: 95%
2023-04-29T15:28:13.743Z [Modules] Streaming discord_voice@1 to /home/fufu/.config/discord/0.0.27/modules/pending/discord_voice-1.zip: 96%
2023-04-29T15:28:13.759Z [Modules] Streaming discord_voice@1 to /home/fufu/.config/discord/0.0.27/modules/pending/discord_voice-1.zip: 97%
2023-04-29T15:28:13.770Z [Modules] Streaming discord_voice@1 to /home/fufu/.config/discord/0.0.27/modules/pending/discord_voice-1.zip: 98%
2023-04-29T15:28:13.787Z [Modules] Streaming discord_voice@1 to /home/fufu/.config/discord/0.0.27/modules/pending/discord_voice-1.zip: 99%
2023-04-29T15:28:13.796Z [Modules] Streaming discord_voice@1 to /home/fufu/.config/discord/0.0.27/modules/pending/discord_voice-1.zip: 100%
2023-04-29T15:28:13.798Z [Modules] Finished module downloads. [success: 5] [failure: 0]
2023-04-29T15:28:13.798Z [Modules] Installing updates...
2023-04-29T15:28:13.799Z [Modules] Installing discord_desktop_core@1 from /home/fufu/.config/discord/0.0.27/modules/pending/discord_desktop_core-1.zip
2023-04-29T15:28:13.841Z [Modules] Installing discord_erlpack@1 from /home/fufu/.config/discord/0.0.27/modules/pending/discord_erlpack-1.zip
2023-04-29T15:28:13.881Z [Modules] Installing discord_spellcheck@1 from /home/fufu/.config/discord/0.0.27/modules/pending/discord_spellcheck-1.zip
2023-04-29T15:28:14.220Z [Modules] Installing discord_utils@1 from /home/fufu/.config/discord/0.0.27/modules/pending/discord_utils-1.zip
2023-04-29T15:28:14.399Z [Modules] Installing discord_voice@1 from /home/fufu/.config/discord/0.0.27/modules/pending/discord_voice-1.zip
2023-04-29T15:28:14.806Z [Modules] Finished module installations. [success: 5] [failure: 0]
2023-04-29T15:28:14.806Z [Modules] Checking for host updates.
2023-04-29T15:28:14.873Z [Modules] Host is up to date.
2023-04-29T15:28:14.873Z [Modules] Checking for module updates at https://discord.com/api/modules/stable/versions.json
2023-04-29T15:28:14.879Z [Modules] No module updates available.
2023-04-29T15:28:15.818Z [Modules] Starting to install discord_krisp...
2023-04-29T15:28:15.819Z [Modules] Fetching discord_krisp@1 from https://discord.com/api/modules/stable/discord_krisp/1
2023-04-29T15:28:15.819Z [Modules] Streaming discord_krisp@1 to /home/fufu/.config/discord/0.0.27/modules/pending/discord_krisp-1.zip
2023-04-29T15:28:15.900Z [Modules] Starting to install discord_game_utils...
2023-04-29T15:28:15.926Z [Modules] Streaming discord_krisp@1 to /home/fufu/.config/discord/0.0.27/modules/pending/discord_krisp-1.zip: 1%
2023-04-29T15:28:15.938Z [Modules] Streaming discord_krisp@1 to /home/fufu/.config/discord/0.0.27/modules/pending/discord_krisp-1.zip: 2%
2023-04-29T15:28:15.954Z [Modules] Streaming discord_krisp@1 to /home/fufu/.config/discord/0.0.27/modules/pending/discord_krisp-1.zip: 3%
2023-04-29T15:28:15.967Z [Modules] Streaming discord_krisp@1 to /home/fufu/.config/discord/0.0.27/modules/pending/discord_krisp-1.zip: 4%
2023-04-29T15:28:15.979Z [Modules] Streaming discord_krisp@1 to /home/fufu/.config/discord/0.0.27/modules/pending/discord_krisp-1.zip: 5%
2023-04-29T15:28:15.991Z [Modules] Streaming discord_krisp@1 to /home/fufu/.config/discord/0.0.27/modules/pending/discord_krisp-1.zip: 6%
2023-04-29T15:28:16.004Z [Modules] Streaming discord_krisp@1 to /home/fufu/.config/discord/0.0.27/modules/pending/discord_krisp-1.zip: 7%
2023-04-29T15:28:16.016Z [Modules] Streaming discord_krisp@1 to /home/fufu/.config/discord/0.0.27/modules/pending/discord_krisp-1.zip: 8%
2023-04-29T15:28:16.074Z [Modules] Streaming discord_krisp@1 to /home/fufu/.config/discord/0.0.27/modules/pending/discord_krisp-1.zip: 9%
2023-04-29T15:28:16.155Z [Modules] Streaming discord_krisp@1 to /home/fufu/.config/discord/0.0.27/modules/pending/discord_krisp-1.zip: 10%
2023-04-29T15:28:16.184Z [Modules] Streaming discord_krisp@1 to /home/fufu/.config/discord/0.0.27/modules/pending/discord_krisp-1.zip: 11%
2023-04-29T15:28:16.194Z [Modules] Streaming discord_krisp@1 to /home/fufu/.config/discord/0.0.27/modules/pending/discord_krisp-1.zip: 12%
2023-04-29T15:28:16.201Z [Modules] Streaming discord_krisp@1 to /home/fufu/.config/discord/0.0.27/modules/pending/discord_krisp-1.zip: 13%
2023-04-29T15:28:16.206Z [Modules] Streaming discord_krisp@1 to /home/fufu/.config/discord/0.0.27/modules/pending/discord_krisp-1.zip: 14%
2023-04-29T15:28:16.209Z [Modules] Streaming discord_krisp@1 to /home/fufu/.config/discord/0.0.27/modules/pending/discord_krisp-1.zip: 15%
2023-04-29T15:28:16.212Z [Modules] Streaming discord_krisp@1 to /home/fufu/.config/discord/0.0.27/modules/pending/discord_krisp-1.zip: 16%
2023-04-29T15:28:16.214Z [Modules] Streaming discord_krisp@1 to /home/fufu/.config/discord/0.0.27/modules/pending/discord_krisp-1.zip: 17%
2023-04-29T15:28:16.215Z [Modules] Streaming discord_krisp@1 to /home/fufu/.config/discord/0.0.27/modules/pending/discord_krisp-1.zip: 18%
2023-04-29T15:28:16.217Z [Modules] Streaming discord_krisp@1 to /home/fufu/.config/discord/0.0.27/modules/pending/discord_krisp-1.zip: 19%
2023-04-29T15:28:16.218Z [Modules] Streaming discord_krisp@1 to /home/fufu/.config/discord/0.0.27/modules/pending/discord_krisp-1.zip: 22%
2023-04-29T15:28:16.223Z [Modules] Streaming discord_krisp@1 to /home/fufu/.config/discord/0.0.27/modules/pending/discord_krisp-1.zip: 23%
2023-04-29T15:28:16.232Z [Modules] Streaming discord_krisp@1 to /home/fufu/.config/discord/0.0.27/modules/pending/discord_krisp-1.zip: 24%
2023-04-29T15:28:16.239Z [Modules] Streaming discord_krisp@1 to /home/fufu/.config/discord/0.0.27/modules/pending/discord_krisp-1.zip: 25%
2023-04-29T15:28:16.247Z [Modules] Streaming discord_krisp@1 to /home/fufu/.config/discord/0.0.27/modules/pending/discord_krisp-1.zip: 26%
2023-04-29T15:28:16.256Z [Modules] Streaming discord_krisp@1 to /home/fufu/.config/discord/0.0.27/modules/pending/discord_krisp-1.zip: 27%
2023-04-29T15:28:16.284Z [Modules] Streaming discord_krisp@1 to /home/fufu/.config/discord/0.0.27/modules/pending/discord_krisp-1.zip: 28%
2023-04-29T15:28:16.311Z [Modules] Streaming discord_krisp@1 to /home/fufu/.config/discord/0.0.27/modules/pending/discord_krisp-1.zip: 29%
2023-04-29T15:28:16.327Z [Modules] Streaming discord_krisp@1 to /home/fufu/.config/discord/0.0.27/modules/pending/discord_krisp-1.zip: 30%
2023-04-29T15:28:16.347Z [Modules] Streaming discord_krisp@1 to /home/fufu/.config/discord/0.0.27/modules/pending/discord_krisp-1.zip: 31%
2023-04-29T15:28:16.350Z [Modules] Streaming discord_krisp@1 to /home/fufu/.config/discord/0.0.27/modules/pending/discord_krisp-1.zip: 32%
2023-04-29T15:28:16.370Z [Modules] Streaming discord_krisp@1 to /home/fufu/.config/discord/0.0.27/modules/pending/discord_krisp-1.zip: 33%
2023-04-29T15:28:16.379Z [Modules] Streaming discord_krisp@1 to /home/fufu/.config/discord/0.0.27/modules/pending/discord_krisp-1.zip: 34%
2023-04-29T15:28:16.399Z [Modules] Streaming discord_krisp@1 to /home/fufu/.config/discord/0.0.27/modules/pending/discord_krisp-1.zip: 35%
2023-04-29T15:28:16.420Z [Modules] Streaming discord_krisp@1 to /home/fufu/.config/discord/0.0.27/modules/pending/discord_krisp-1.zip: 36%
2023-04-29T15:28:16.437Z [Modules] Streaming discord_krisp@1 to /home/fufu/.config/discord/0.0.27/modules/pending/discord_krisp-1.zip: 37%
2023-04-29T15:28:16.458Z [Modules] Streaming discord_krisp@1 to /home/fufu/.config/discord/0.0.27/modules/pending/discord_krisp-1.zip: 38%
2023-04-29T15:28:16.474Z [Modules] Streaming discord_krisp@1 to /home/fufu/.config/discord/0.0.27/modules/pending/discord_krisp-1.zip: 39%
2023-04-29T15:28:16.495Z [Modules] Streaming discord_krisp@1 to /home/fufu/.config/discord/0.0.27/modules/pending/discord_krisp-1.zip: 40%
2023-04-29T15:28:16.514Z [Modules] Streaming discord_krisp@1 to /home/fufu/.config/discord/0.0.27/modules/pending/discord_krisp-1.zip: 41%
2023-04-29T15:28:16.534Z [Modules] Streaming discord_krisp@1 to /home/fufu/.config/discord/0.0.27/modules/pending/discord_krisp-1.zip: 42%
2023-04-29T15:28:16.550Z [Modules] Streaming discord_krisp@1 to /home/fufu/.config/discord/0.0.27/modules/pending/discord_krisp-1.zip: 43%
2023-04-29T15:28:16.560Z [Modules] Checking for host updates.
2023-04-29T15:28:16.571Z [Modules] Streaming discord_krisp@1 to /home/fufu/.config/discord/0.0.27/modules/pending/discord_krisp-1.zip: 44%
2023-04-29T15:28:16.589Z [Modules] Streaming discord_krisp@1 to /home/fufu/.config/discord/0.0.27/modules/pending/discord_krisp-1.zip: 45%
2023-04-29T15:28:16.609Z [Modules] Streaming discord_krisp@1 to /home/fufu/.config/discord/0.0.27/modules/pending/discord_krisp-1.zip: 46%
2023-04-29T15:28:16.628Z [Modules] Streaming discord_krisp@1 to /home/fufu/.config/discord/0.0.27/modules/pending/discord_krisp-1.zip: 47%
2023-04-29T15:28:16.629Z [Modules] Host is up to date.
2023-04-29T15:28:16.629Z [Modules] Checking for module updates at https://discord.com/api/modules/stable/versions.json
2023-04-29T15:28:16.631Z [Modules] No module updates available.
2023-04-29T15:28:16.647Z [Modules] Streaming discord_krisp@1 to /home/fufu/.config/discord/0.0.27/modules/pending/discord_krisp-1.zip: 48%
2023-04-29T15:28:16.666Z [Modules] Streaming discord_krisp@1 to /home/fufu/.config/discord/0.0.27/modules/pending/discord_krisp-1.zip: 49%
2023-04-29T15:28:16.685Z [Modules] Streaming discord_krisp@1 to /home/fufu/.config/discord/0.0.27/modules/pending/discord_krisp-1.zip: 50%
2023-04-29T15:28:16.703Z [Modules] Streaming discord_krisp@1 to /home/fufu/.config/discord/0.0.27/modules/pending/discord_krisp-1.zip: 51%
2023-04-29T15:28:16.722Z [Modules] Streaming discord_krisp@1 to /home/fufu/.config/discord/0.0.27/modules/pending/discord_krisp-1.zip: 52%
2023-04-29T15:28:16.738Z [Modules] Starting to install discord_rpc...
2023-04-29T15:28:16.744Z [Modules] Streaming discord_krisp@1 to /home/fufu/.config/discord/0.0.27/modules/pending/discord_krisp-1.zip: 53%
2023-04-29T15:28:16.760Z [Modules] Streaming discord_krisp@1 to /home/fufu/.config/discord/0.0.27/modules/pending/discord_krisp-1.zip: 54%
2023-04-29T15:28:16.772Z [Modules] Streaming discord_krisp@1 to /home/fufu/.config/discord/0.0.27/modules/pending/discord_krisp-1.zip: 55%
2023-04-29T15:28:16.791Z [Modules] Streaming discord_krisp@1 to /home/fufu/.config/discord/0.0.27/modules/pending/discord_krisp-1.zip: 56%
2023-04-29T15:28:16.804Z [Modules] Streaming discord_krisp@1 to /home/fufu/.config/discord/0.0.27/modules/pending/discord_krisp-1.zip: 57%
2023-04-29T15:28:16.820Z [Modules] Streaming discord_krisp@1 to /home/fufu/.config/discord/0.0.27/modules/pending/discord_krisp-1.zip: 58%
2023-04-29T15:28:16.833Z [Modules] Streaming discord_krisp@1 to /home/fufu/.config/discord/0.0.27/modules/pending/discord_krisp-1.zip: 59%
2023-04-29T15:28:16.845Z [Modules] Streaming discord_krisp@1 to /home/fufu/.config/discord/0.0.27/modules/pending/discord_krisp-1.zip: 60%
2023-04-29T15:28:17.101Z [Modules] Streaming discord_krisp@1 to /home/fufu/.config/discord/0.0.27/modules/pending/discord_krisp-1.zip: 65%
2023-04-29T15:28:17.105Z [Modules] Streaming discord_krisp@1 to /home/fufu/.config/discord/0.0.27/modules/pending/discord_krisp-1.zip: 74%
2023-04-29T15:28:17.114Z [Modules] Streaming discord_krisp@1 to /home/fufu/.config/discord/0.0.27/modules/pending/discord_krisp-1.zip: 76%
2023-04-29T15:28:17.118Z [Modules] Streaming discord_krisp@1 to /home/fufu/.config/discord/0.0.27/modules/pending/discord_krisp-1.zip: 77%
2023-04-29T15:28:17.132Z [Modules] Streaming discord_krisp@1 to /home/fufu/.config/discord/0.0.27/modules/pending/discord_krisp-1.zip: 78%
2023-04-29T15:28:17.152Z [Modules] Streaming discord_krisp@1 to /home/fufu/.config/discord/0.0.27/modules/pending/discord_krisp-1.zip: 79%
2023-04-29T15:28:17.168Z [Modules] Streaming discord_krisp@1 to /home/fufu/.config/discord/0.0.27/modules/pending/discord_krisp-1.zip: 80%
2023-04-29T15:28:17.186Z [Modules] Streaming discord_krisp@1 to /home/fufu/.config/discord/0.0.27/modules/pending/discord_krisp-1.zip: 81%
2023-04-29T15:28:17.203Z [Modules] Streaming discord_krisp@1 to /home/fufu/.config/discord/0.0.27/modules/pending/discord_krisp-1.zip: 82%
2023-04-29T15:28:17.221Z [Modules] Streaming discord_krisp@1 to /home/fufu/.config/discord/0.0.27/modules/pending/discord_krisp-1.zip: 83%
2023-04-29T15:28:17.235Z [Modules] Streaming discord_krisp@1 to /home/fufu/.config/discord/0.0.27/modules/pending/discord_krisp-1.zip: 84%
2023-04-29T15:28:17.253Z [Modules] Streaming discord_krisp@1 to /home/fufu/.config/discord/0.0.27/modules/pending/discord_krisp-1.zip: 85%
2023-04-29T15:28:17.273Z [Modules] Streaming discord_krisp@1 to /home/fufu/.config/discord/0.0.27/modules/pending/discord_krisp-1.zip: 86%
2023-04-29T15:28:17.290Z [Modules] Streaming discord_krisp@1 to /home/fufu/.config/discord/0.0.27/modules/pending/discord_krisp-1.zip: 87%
2023-04-29T15:28:17.305Z [Modules] Streaming discord_krisp@1 to /home/fufu/.config/discord/0.0.27/modules/pending/discord_krisp-1.zip: 88%
2023-04-29T15:28:17.321Z [Modules] Streaming discord_krisp@1 to /home/fufu/.config/discord/0.0.27/modules/pending/discord_krisp-1.zip: 89%
2023-04-29T15:28:17.341Z [Modules] Streaming discord_krisp@1 to /home/fufu/.config/discord/0.0.27/modules/pending/discord_krisp-1.zip: 90%
2023-04-29T15:28:17.356Z [Modules] Streaming discord_krisp@1 to /home/fufu/.config/discord/0.0.27/modules/pending/discord_krisp-1.zip: 91%
2023-04-29T15:28:17.373Z [Modules] Streaming discord_krisp@1 to /home/fufu/.config/discord/0.0.27/modules/pending/discord_krisp-1.zip: 92%
2023-04-29T15:28:17.391Z [Modules] Streaming discord_krisp@1 to /home/fufu/.config/discord/0.0.27/modules/pending/discord_krisp-1.zip: 93%
2023-04-29T15:28:17.409Z [Modules] Streaming discord_krisp@1 to /home/fufu/.config/discord/0.0.27/modules/pending/discord_krisp-1.zip: 94%
2023-04-29T15:28:17.425Z [Modules] Streaming discord_krisp@1 to /home/fufu/.config/discord/0.0.27/modules/pending/discord_krisp-1.zip: 95%
2023-04-29T15:28:17.441Z [Modules] Streaming discord_krisp@1 to /home/fufu/.config/discord/0.0.27/modules/pending/discord_krisp-1.zip: 96%
2023-04-29T15:28:17.458Z [Modules] Streaming discord_krisp@1 to /home/fufu/.config/discord/0.0.27/modules/pending/discord_krisp-1.zip: 97%
2023-04-29T15:28:17.473Z [Modules] Streaming discord_krisp@1 to /home/fufu/.config/discord/0.0.27/modules/pending/discord_krisp-1.zip: 98%
2023-04-29T15:28:17.491Z [Modules] Streaming discord_krisp@1 to /home/fufu/.config/discord/0.0.27/modules/pending/discord_krisp-1.zip: 99%
2023-04-29T15:28:17.501Z [Modules] Streaming discord_krisp@1 to /home/fufu/.config/discord/0.0.27/modules/pending/discord_krisp-1.zip: 100%
2023-04-29T15:28:17.504Z [Modules] Fetching discord_game_utils@1 from https://discord.com/api/modules/stable/discord_game_utils/1
2023-04-29T15:28:17.504Z [Modules] Streaming discord_game_utils@1 to /home/fufu/.config/discord/0.0.27/modules/pending/discord_game_utils-1.zip
2023-04-29T15:28:17.505Z [Modules] Installing discord_krisp@1 from /home/fufu/.config/discord/0.0.27/modules/pending/discord_krisp-1.zip
2023-04-29T15:28:17.598Z [Modules] Streaming discord_game_utils@1 to /home/fufu/.config/discord/0.0.27/modules/pending/discord_game_utils-1.zip: 2%
2023-04-29T15:28:17.598Z [Modules] Streaming discord_game_utils@1 to /home/fufu/.config/discord/0.0.27/modules/pending/discord_game_utils-1.zip: 3%
2023-04-29T15:28:17.601Z [Modules] Streaming discord_game_utils@1 to /home/fufu/.config/discord/0.0.27/modules/pending/discord_game_utils-1.zip: 4%
2023-04-29T15:28:17.604Z [Modules] Streaming discord_game_utils@1 to /home/fufu/.config/discord/0.0.27/modules/pending/discord_game_utils-1.zip: 5%
2023-04-29T15:28:17.607Z [Modules] Streaming discord_game_utils@1 to /home/fufu/.config/discord/0.0.27/modules/pending/discord_game_utils-1.zip: 8%
2023-04-29T15:28:17.610Z [Modules] Streaming discord_game_utils@1 to /home/fufu/.config/discord/0.0.27/modules/pending/discord_game_utils-1.zip: 9%
2023-04-29T15:28:17.612Z [Modules] Streaming discord_game_utils@1 to /home/fufu/.config/discord/0.0.27/modules/pending/discord_game_utils-1.zip: 11%
2023-04-29T15:28:17.614Z [Modules] Streaming discord_game_utils@1 to /home/fufu/.config/discord/0.0.27/modules/pending/discord_game_utils-1.zip: 12%
2023-04-29T15:28:17.616Z [Modules] Streaming discord_game_utils@1 to /home/fufu/.config/discord/0.0.27/modules/pending/discord_game_utils-1.zip: 14%
2023-04-29T15:28:17.619Z [Modules] Streaming discord_game_utils@1 to /home/fufu/.config/discord/0.0.27/modules/pending/discord_game_utils-1.zip: 16%
2023-04-29T15:28:17.621Z [Modules] Streaming discord_game_utils@1 to /home/fufu/.config/discord/0.0.27/modules/pending/discord_game_utils-1.zip: 17%
2023-04-29T15:28:17.624Z [Modules] Streaming discord_game_utils@1 to /home/fufu/.config/discord/0.0.27/modules/pending/discord_game_utils-1.zip: 19%
2023-04-29T15:28:17.626Z [Modules] Streaming discord_game_utils@1 to /home/fufu/.config/discord/0.0.27/modules/pending/discord_game_utils-1.zip: 20%
2023-04-29T15:28:17.629Z [Modules] Streaming discord_game_utils@1 to /home/fufu/.config/discord/0.0.27/modules/pending/discord_game_utils-1.zip: 22%
2023-04-29T15:28:17.635Z [Modules] Streaming discord_game_utils@1 to /home/fufu/.config/discord/0.0.27/modules/pending/discord_game_utils-1.zip: 26%
2023-04-29T15:28:17.637Z [Modules] Streaming discord_game_utils@1 to /home/fufu/.config/discord/0.0.27/modules/pending/discord_game_utils-1.zip: 28%
2023-04-29T15:28:17.641Z [Modules] Streaming discord_game_utils@1 to /home/fufu/.config/discord/0.0.27/modules/pending/discord_game_utils-1.zip: 30%
2023-04-29T15:28:17.644Z [Modules] Streaming discord_game_utils@1 to /home/fufu/.config/discord/0.0.27/modules/pending/discord_game_utils-1.zip: 32%
2023-04-29T15:28:17.646Z [Modules] Streaming discord_game_utils@1 to /home/fufu/.config/discord/0.0.27/modules/pending/discord_game_utils-1.zip: 33%
2023-04-29T15:28:17.647Z [Modules] Streaming discord_game_utils@1 to /home/fufu/.config/discord/0.0.27/modules/pending/discord_game_utils-1.zip: 35%
2023-04-29T15:28:17.649Z [Modules] Streaming discord_game_utils@1 to /home/fufu/.config/discord/0.0.27/modules/pending/discord_game_utils-1.zip: 36%
2023-04-29T15:28:17.651Z [Modules] Streaming discord_game_utils@1 to /home/fufu/.config/discord/0.0.27/modules/pending/discord_game_utils-1.zip: 38%
2023-04-29T15:28:17.653Z [Modules] Streaming discord_game_utils@1 to /home/fufu/.config/discord/0.0.27/modules/pending/discord_game_utils-1.zip: 40%
2023-04-29T15:28:17.658Z [Modules] Streaming discord_game_utils@1 to /home/fufu/.config/discord/0.0.27/modules/pending/discord_game_utils-1.zip: 42%
2023-04-29T15:28:17.659Z [Modules] Streaming discord_game_utils@1 to /home/fufu/.config/discord/0.0.27/modules/pending/discord_game_utils-1.zip: 44%
2023-04-29T15:28:17.662Z [Modules] Streaming discord_game_utils@1 to /home/fufu/.config/discord/0.0.27/modules/pending/discord_game_utils-1.zip: 46%
2023-04-29T15:28:17.665Z [Modules] Streaming discord_game_utils@1 to /home/fufu/.config/discord/0.0.27/modules/pending/discord_game_utils-1.zip: 48%
2023-04-29T15:28:17.668Z [Modules] Streaming discord_game_utils@1 to /home/fufu/.config/discord/0.0.27/modules/pending/discord_game_utils-1.zip: 50%
2023-04-29T15:28:17.671Z [Modules] Streaming discord_game_utils@1 to /home/fufu/.config/discord/0.0.27/modules/pending/discord_game_utils-1.zip: 52%
2023-04-29T15:28:17.671Z [Modules] Streaming discord_game_utils@1 to /home/fufu/.config/discord/0.0.27/modules/pending/discord_game_utils-1.zip: 53%
2023-04-29T15:28:17.675Z [Modules] Streaming discord_game_utils@1 to /home/fufu/.config/discord/0.0.27/modules/pending/discord_game_utils-1.zip: 55%
2023-04-29T15:28:17.677Z [Modules] Streaming discord_game_utils@1 to /home/fufu/.config/discord/0.0.27/modules/pending/discord_game_utils-1.zip: 57%
2023-04-29T15:28:17.680Z [Modules] Streaming discord_game_utils@1 to /home/fufu/.config/discord/0.0.27/modules/pending/discord_game_utils-1.zip: 60%
2023-04-29T15:28:17.682Z [Modules] Streaming discord_game_utils@1 to /home/fufu/.config/discord/0.0.27/modules/pending/discord_game_utils-1.zip: 62%
2023-04-29T15:28:17.684Z [Modules] Streaming discord_game_utils@1 to /home/fufu/.config/discord/0.0.27/modules/pending/discord_game_utils-1.zip: 64%
2023-04-29T15:28:17.686Z [Modules] Streaming discord_game_utils@1 to /home/fufu/.config/discord/0.0.27/modules/pending/discord_game_utils-1.zip: 65%
2023-04-29T15:28:17.689Z [Modules] Streaming discord_game_utils@1 to /home/fufu/.config/discord/0.0.27/modules/pending/discord_game_utils-1.zip: 68%
2023-04-29T15:28:17.694Z [Modules] Streaming discord_game_utils@1 to /home/fufu/.config/discord/0.0.27/modules/pending/discord_game_utils-1.zip: 71%
2023-04-29T15:28:17.697Z [Modules] Streaming discord_game_utils@1 to /home/fufu/.config/discord/0.0.27/modules/pending/discord_game_utils-1.zip: 72%
2023-04-29T15:28:17.699Z [Modules] Streaming discord_game_utils@1 to /home/fufu/.config/discord/0.0.27/modules/pending/discord_game_utils-1.zip: 74%
2023-04-29T15:28:17.701Z [Modules] Streaming discord_game_utils@1 to /home/fufu/.config/discord/0.0.27/modules/pending/discord_game_utils-1.zip: 76%
2023-04-29T15:28:17.703Z [Modules] Streaming discord_game_utils@1 to /home/fufu/.config/discord/0.0.27/modules/pending/discord_game_utils-1.zip: 77%
2023-04-29T15:28:17.703Z [Modules] Streaming discord_game_utils@1 to /home/fufu/.config/discord/0.0.27/modules/pending/discord_game_utils-1.zip: 80%
2023-04-29T15:28:17.712Z [Modules] Streaming discord_game_utils@1 to /home/fufu/.config/discord/0.0.27/modules/pending/discord_game_utils-1.zip: 84%
2023-04-29T15:28:17.713Z [Modules] Streaming discord_game_utils@1 to /home/fufu/.config/discord/0.0.27/modules/pending/discord_game_utils-1.zip: 86%
2023-04-29T15:28:17.713Z [Modules] Streaming discord_game_utils@1 to /home/fufu/.config/discord/0.0.27/modules/pending/discord_game_utils-1.zip: 88%
2023-04-29T15:28:17.717Z [Modules] Streaming discord_game_utils@1 to /home/fufu/.config/discord/0.0.27/modules/pending/discord_game_utils-1.zip: 91%
2023-04-29T15:28:17.720Z [Modules] Streaming discord_game_utils@1 to /home/fufu/.config/discord/0.0.27/modules/pending/discord_game_utils-1.zip: 93%
2023-04-29T15:28:17.724Z [Modules] Streaming discord_game_utils@1 to /home/fufu/.config/discord/0.0.27/modules/pending/discord_game_utils-1.zip: 96%
2023-04-29T15:28:17.726Z [Modules] Streaming discord_game_utils@1 to /home/fufu/.config/discord/0.0.27/modules/pending/discord_game_utils-1.zip: 98%
2023-04-29T15:28:17.727Z [Modules] Streaming discord_game_utils@1 to /home/fufu/.config/discord/0.0.27/modules/pending/discord_game_utils-1.zip: 100%
2023-04-29T15:28:17.728Z [Modules] Fetching discord_rpc@1 from https://discord.com/api/modules/stable/discord_rpc/1
2023-04-29T15:28:17.728Z [Modules] Streaming discord_rpc@1 to /home/fufu/.config/discord/0.0.27/modules/pending/discord_rpc-1.zip
2023-04-29T15:28:17.814Z [Modules] Streaming discord_rpc@1 to /home/fufu/.config/discord/0.0.27/modules/pending/discord_rpc-1.zip: 100%
2023-04-29T15:28:17.815Z [Modules] Finished module downloads. [success: 3] [failure: 0]
2023-04-29T15:28:17.865Z [Modules] Installing discord_game_utils@1 from /home/fufu/.config/discord/0.0.27/modules/pending/discord_game_utils-1.zip
2023-04-29T15:28:17.914Z [Modules] Installing discord_rpc@1 from /home/fufu/.config/discord/0.0.27/modules/pending/discord_rpc-1.zip
2023-04-29T15:28:17.931Z [Modules] Finished module installations. [success: 3] [failure: 0]
2023-04-29T15:32:31.176Z [Modules] Modules initializing
2023-04-29T15:32:31.176Z [Modules] Distribution: remote
2023-04-29T15:32:31.176Z [Modules] Host updates: enabled
2023-04-29T15:32:31.176Z [Modules] Module updates: enabled
2023-04-29T15:32:31.177Z [Modules] Module install path: /home/fufu/.config/discord/0.0.27/modules
2023-04-29T15:32:31.177Z [Modules] Module installed file path: /home/fufu/.config/discord/0.0.27/modules/installed.json
2023-04-29T15:32:31.177Z [Modules] Module download path: /home/fufu/.config/discord/0.0.27/modules/pending
2023-04-29T15:32:31.296Z [Modules] No updates to install
2023-04-29T15:32:31.296Z [Modules] Checking for host updates.
2023-04-29T15:32:36.445Z [Modules] Host is up to date.
2023-04-29T15:32:36.445Z [Modules] Checking for module updates at https://discord.com/api/modules/stable/versions.json
2023-04-29T15:32:36.470Z [Modules] No module updates available.
2023-04-29T15:32:43.294Z [Modules] Checking for host updates.
2023-04-29T15:32:43.354Z [Modules] Host is up to date.
2023-04-29T15:32:43.354Z [Modules] Checking for module updates at https://discord.com/api/modules/stable/versions.json
2023-04-29T15:32:43.356Z [Modules] No module updates available.
2023-04-29T17:26:41.674Z [Modules] Modules initializing
2023-04-29T17:26:41.675Z [Modules] Distribution: remote
2023-04-29T17:26:41.675Z [Modules] Host updates: enabled
2023-04-29T17:26:41.675Z [Modules] Module updates: enabled
2023-04-29T17:26:41.675Z [Modules] Module install path: /home/fufu/.config/discord/0.0.27/modules
2023-04-29T17:26:41.675Z [Modules] Module installed file path: /home/fufu/.config/discord/0.0.27/modules/installed.json
2023-04-29T17:26:41.675Z [Modules] Module download path: /home/fufu/.config/discord/0.0.27/modules/pending
2023-04-29T17:26:41.843Z [Modules] No updates to install
2023-04-29T17:26:41.843Z [Modules] Checking for host updates.
2023-04-29T17:26:46.972Z [Modules] Host is up to date.
2023-04-29T17:26:46.973Z [Modules] Checking for module updates at https://discord.com/api/modules/stable/versions.json
2023-04-29T17:26:46.995Z [Modules] No module updates available.
2023-04-29T17:26:53.570Z [Modules] Checking for host updates.
2023-04-29T17:26:53.659Z [Modules] Host is up to date.
2023-04-29T17:26:53.659Z [Modules] Checking for module updates at https://discord.com/api/modules/stable/versions.json
2023-04-29T17:26:53.663Z [Modules] No module updates available.
2023-04-29T18:26:53.573Z [Modules] Checking for host updates.
2023-04-29T18:26:53.663Z [Modules] Host is up to date.
2023-04-29T18:26:53.663Z [Modules] Checking for module updates at https://discord.com/api/modules/stable/versions.json
2023-04-29T18:26:53.686Z [Modules] No module updates available.
2023-04-30T09:46:16.340Z [Modules] Modules initializing
2023-04-30T09:46:16.341Z [Modules] Distribution: remote
2023-04-30T09:46:16.341Z [Modules] Host updates: enabled
2023-04-30T09:46:16.341Z [Modules] Module updates: enabled
2023-04-30T09:46:16.341Z [Modules] Module install path: /home/fufu/.config/discord/0.0.27/modules
2023-04-30T09:46:16.341Z [Modules] Module installed file path: /home/fufu/.config/discord/0.0.27/modules/installed.json
2023-04-30T09:46:16.341Z [Modules] Module download path: /home/fufu/.config/discord/0.0.27/modules/pending
2023-04-30T09:46:16.501Z [Modules] No updates to install
2023-04-30T09:46:16.501Z [Modules] Checking for host updates.
2023-04-30T09:46:21.680Z [Modules] Host is up to date.
2023-04-30T09:46:21.681Z [Modules] Checking for module updates at https://discord.com/api/modules/stable/versions.json
2023-04-30T09:46:21.701Z [Modules] No module updates available.
2023-04-30T09:46:23.300Z [Modules] Checking for host updates.
2023-04-30T09:46:23.373Z [Modules] Host is up to date.
2023-04-30T09:46:23.373Z [Modules] Checking for module updates at https://discord.com/api/modules/stable/versions.json
2023-04-30T09:46:23.376Z [Modules] No module updates available.
2023-04-30T17:24:10.103Z [Modules] Modules initializing
2023-04-30T17:24:10.104Z [Modules] Distribution: remote
2023-04-30T17:24:10.104Z [Modules] Host updates: enabled
2023-04-30T17:24:10.104Z [Modules] Module updates: enabled
2023-04-30T17:24:10.104Z [Modules] Module install path: /home/fufu/.config/discord/0.0.27/modules
2023-04-30T17:24:10.104Z [Modules] Module installed file path: /home/fufu/.config/discord/0.0.27/modules/installed.json
2023-04-30T17:24:10.104Z [Modules] Module download path: /home/fufu/.config/discord/0.0.27/modules/pending
2023-04-30T17:24:10.271Z [Modules] No updates to install
2023-04-30T17:24:10.272Z [Modules] Checking for host updates.
2023-04-30T17:24:15.392Z [Modules] Host is up to date.
2023-04-30T17:24:15.393Z [Modules] Checking for module updates at https://discord.com/api/modules/stable/versions.json
2023-04-30T17:24:15.411Z [Modules] No module updates available.
2023-04-30T17:24:17.652Z [Modules] Checking for host updates.
2023-04-30T17:24:17.715Z [Modules] Host is up to date.
2023-04-30T17:24:17.715Z [Modules] Checking for module updates at https://discord.com/api/modules/stable/versions.json
2023-04-30T17:24:17.718Z [Modules] No module updates available.
