2023-04-30 04:44:23.587 [info] Extension host with pid 2158 started
2023-04-30 04:44:23.587 [info] Skipping acquiring lock for /home/fufu/.config/Code/User/workspaceStorage/4177dc7beb92b01851d4594220007b19.
2023-04-30 04:44:23.629 [info] ExtensionService#_doActivateExtension znck.grammarly, startup: false, activationEvent: 'onLanguage:plaintext'
2023-04-30 04:44:23.639 [info] ExtensionService#_doActivateExtension vscode.emmet, startup: false, activationEvent: 'onLanguage'
2023-04-30 04:44:23.644 [info] ExtensionService#_doActivateExtension vscode.npm, startup: false, activationEvent: 'onLanguage:properties'
2023-04-30 04:44:24.002 [info] ExtensionService#_doActivateExtension vscode.github-authentication, startup: false, activationEvent: 'onAuthenticationRequest:github'
2023-04-30 04:44:24.044 [info] ExtensionService#_doActivateExtension vscode.microsoft-authentication, startup: false, activationEvent: 'onAuthenticationRequest:microsoft'
2023-04-30 04:44:24.609 [info] ExtensionService#_doActivateExtension vscode.git-base, startup: true, activationEvent: '*', root cause: vscode.git
2023-04-30 04:44:24.612 [info] ExtensionService#_doActivateExtension DmitryDorofeev.empty-indent, startup: true, activationEvent: '*'
2023-04-30 04:44:24.614 [info] ExtensionService#_doActivateExtension naumovs.color-highlight, startup: true, activationEvent: '*'
2023-04-30 04:44:24.626 [info] ExtensionService#_doActivateExtension vscode.git, startup: true, activationEvent: '*'
2023-04-30 04:44:24.646 [info] ExtensionService#_doActivateExtension vscode.github, startup: true, activationEvent: '*'
2023-04-30 04:44:24.669 [info] Eager extensions activated
2023-04-30 04:44:24.686 [info] ExtensionService#_doActivateExtension vscode.debug-auto-launch, startup: false, activationEvent: 'onStartupFinished'
2023-04-30 04:44:24.688 [info] ExtensionService#_doActivateExtension vscode.merge-conflict, startup: false, activationEvent: 'onStartupFinished'
2023-04-30 04:44:24.691 [info] ExtensionService#_doActivateExtension eamodio.gitlens, startup: false, activationEvent: 'onStartupFinished'
2023-04-30 04:44:24.712 [info] ExtensionService#_doActivateExtension PKief.material-icon-theme, startup: false, activationEvent: 'onStartupFinished'
2023-04-30 04:44:24.716 [info] ExtensionService#_doActivateExtension ritwickdey.LiveServer, startup: false, activationEvent: 'onStartupFinished'
2023-04-30 04:46:15.158 [info] Extension host terminating: renderer closed the MessagePort
2023-04-30 04:46:15.169 [error] Canceled: Canceled
	at new l (/opt/visual-studio-code/resources/app/out/vs/workbench/api/node/extensionHostProcess.js:98:105190)
	at c.O (/opt/visual-studio-code/resources/app/out/vs/workbench/api/node/extensionHostProcess.js:108:11692)
	at G.<computed>.Q.charCodeAt.G.<computed> (/opt/visual-studio-code/resources/app/out/vs/workbench/api/node/extensionHostProcess.js:108:8967)
	at m.g (/opt/visual-studio-code/resources/app/out/vs/workbench/api/node/extensionHostProcess.js:98:125211)
	at m.executeCommand (/opt/visual-studio-code/resources/app/out/vs/workbench/api/node/extensionHostProcess.js:98:124587)
	at L.registerCommand.description (/opt/visual-studio-code/resources/app/out/vs/workbench/api/node/extensionHostProcess.js:98:123880)
	at m.h (/opt/visual-studio-code/resources/app/out/vs/workbench/api/node/extensionHostProcess.js:98:125797)
	at m.g (/opt/visual-studio-code/resources/app/out/vs/workbench/api/node/extensionHostProcess.js:98:124687)
	at m.executeCommand (/opt/visual-studio-code/resources/app/out/vs/workbench/api/node/extensionHostProcess.js:98:124587)
	at Object.executeCommand (/opt/visual-studio-code/resources/app/out/vs/workbench/api/node/extensionHostProcess.js:114:23801)
	at D (/opt/visual-studio-code/resources/app/extensions/git/dist/main.js:2:1467156)
	at E.invoke (/opt/visual-studio-code/resources/app/out/vs/workbench/api/node/extensionHostProcess.js:63:145)
	at h.deliver (/opt/visual-studio-code/resources/app/out/vs/workbench/api/node/extensionHostProcess.js:63:2121)
	at n.fire (/opt/visual-studio-code/resources/app/out/vs/workbench/api/node/extensionHostProcess.js:63:1729)
	at Object.m [as dispose] (/opt/visual-studio-code/resources/app/extensions/git/dist/main.js:2:1481885)
	at /opt/visual-studio-code/resources/app/extensions/git/dist/main.js:2:1485952
	at Array.forEach (<anonymous>)
	at g.dispose (/opt/visual-studio-code/resources/app/extensions/git/dist/main.js:2:1485938)
	at t.<anonymous> (/opt/visual-studio-code/resources/app/out/vs/workbench/api/node/extensionHostProcess.js:96:12398)
	at t.dispose (/opt/visual-studio-code/resources/app/out/vs/workbench/api/node/extensionHostProcess.js:96:12533)
	at t.<anonymous> (/opt/visual-studio-code/resources/app/extensions/git/dist/main.js:2:1469286)
	at t.dispose (/opt/visual-studio-code/resources/app/out/vs/workbench/api/node/extensionHostProcess.js:96:12533)
	at C (/opt/visual-studio-code/resources/app/out/vs/workbench/api/node/extensionHostProcess.js:10:12084)
	at E.Y (/opt/visual-studio-code/resources/app/out/vs/workbench/api/node/extensionHostProcess.js:110:11147)
	at /opt/visual-studio-code/resources/app/out/vs/workbench/api/node/extensionHostProcess.js:110:9131
	at Array.map (<anonymous>)
	at E.R (/opt/visual-studio-code/resources/app/out/vs/workbench/api/node/extensionHostProcess.js:110:9118)
	at E.terminate (/opt/visual-studio-code/resources/app/out/vs/workbench/api/node/extensionHostProcess.js:110:9389)
	at d.terminate (/opt/visual-studio-code/resources/app/out/vs/workbench/api/node/extensionHostProcess.js:114:1544)
	at p (/opt/visual-studio-code/resources/app/out/vs/workbench/api/node/extensionHostProcess.js:124:18690)
	at MessagePortMain.<anonymous> (/opt/visual-studio-code/resources/app/out/vs/workbench/api/node/extensionHostProcess.js:124:14829)
	at MessagePortMain.emit (node:events:526:28)
	at MessagePortMain._internalPort.emit (node:electron/js2c/utility_init:5:364) setContext undefined
2023-04-30 04:46:15.171 [error] Canceled: Canceled
	at new l (/opt/visual-studio-code/resources/app/out/vs/workbench/api/node/extensionHostProcess.js:98:105190)
	at c.O (/opt/visual-studio-code/resources/app/out/vs/workbench/api/node/extensionHostProcess.js:108:11692)
	at G.<computed>.Q.charCodeAt.G.<computed> (/opt/visual-studio-code/resources/app/out/vs/workbench/api/node/extensionHostProcess.js:108:8967)
	at m.g (/opt/visual-studio-code/resources/app/out/vs/workbench/api/node/extensionHostProcess.js:98:125211)
	at m.executeCommand (/opt/visual-studio-code/resources/app/out/vs/workbench/api/node/extensionHostProcess.js:98:124587)
	at L.registerCommand.description (/opt/visual-studio-code/resources/app/out/vs/workbench/api/node/extensionHostProcess.js:98:123880)
	at m.h (/opt/visual-studio-code/resources/app/out/vs/workbench/api/node/extensionHostProcess.js:98:125797)
	at m.g (/opt/visual-studio-code/resources/app/out/vs/workbench/api/node/extensionHostProcess.js:98:124687)
	at m.executeCommand (/opt/visual-studio-code/resources/app/out/vs/workbench/api/node/extensionHostProcess.js:98:124587)
	at Object.executeCommand (/opt/visual-studio-code/resources/app/out/vs/workbench/api/node/extensionHostProcess.js:114:23801)
	at g (/home/fufu/.vscode/extensions/eamodio.gitlens-13.5.0/dist/gitlens.js:1:868259)
	at c (/home/fufu/.vscode/extensions/eamodio.gitlens-13.5.0/dist/gitlens.js:1:608698)
	at ActionRunners._updateContextKeys (/home/fufu/.vscode/extensions/eamodio.gitlens-13.5.0/dist/gitlens.js:1:37566)
	at s (/home/fufu/.vscode/extensions/eamodio.gitlens-13.5.0/dist/gitlens.js:1:35985)
	at RegisteredActionRunner.unregister (/home/fufu/.vscode/extensions/eamodio.gitlens-13.5.0/dist/gitlens.js:1:36129)
	at RegisteredActionRunner.dispose (/home/fufu/.vscode/extensions/eamodio.gitlens-13.5.0/dist/gitlens.js:1:34794)
	at ActionRunners.dispose (/home/fufu/.vscode/extensions/eamodio.gitlens-13.5.0/dist/gitlens.js:1:35571)
	at C (/opt/visual-studio-code/resources/app/out/vs/workbench/api/node/extensionHostProcess.js:10:12084)
	at E.Y (/opt/visual-studio-code/resources/app/out/vs/workbench/api/node/extensionHostProcess.js:110:11147)
	at /opt/visual-studio-code/resources/app/out/vs/workbench/api/node/extensionHostProcess.js:110:9131
	at Array.map (<anonymous>)
	at E.R (/opt/visual-studio-code/resources/app/out/vs/workbench/api/node/extensionHostProcess.js:110:9118)
	at E.terminate (/opt/visual-studio-code/resources/app/out/vs/workbench/api/node/extensionHostProcess.js:110:9389)
	at d.terminate (/opt/visual-studio-code/resources/app/out/vs/workbench/api/node/extensionHostProcess.js:114:1544)
	at p (/opt/visual-studio-code/resources/app/out/vs/workbench/api/node/extensionHostProcess.js:124:18690)
	at MessagePortMain.<anonymous> (/opt/visual-studio-code/resources/app/out/vs/workbench/api/node/extensionHostProcess.js:124:14829)
	at MessagePortMain.emit (node:events:526:28)
	at MessagePortMain._internalPort.emit (node:electron/js2c/utility_init:5:364) setContext undefined
2023-04-30 04:46:15.171 [error] Canceled: Canceled
	at new l (/opt/visual-studio-code/resources/app/out/vs/workbench/api/node/extensionHostProcess.js:98:105190)
	at c.O (/opt/visual-studio-code/resources/app/out/vs/workbench/api/node/extensionHostProcess.js:108:11692)
	at G.<computed>.Q.charCodeAt.G.<computed> (/opt/visual-studio-code/resources/app/out/vs/workbench/api/node/extensionHostProcess.js:108:8967)
	at m.g (/opt/visual-studio-code/resources/app/out/vs/workbench/api/node/extensionHostProcess.js:98:125211)
	at m.executeCommand (/opt/visual-studio-code/resources/app/out/vs/workbench/api/node/extensionHostProcess.js:98:124587)
	at L.registerCommand.description (/opt/visual-studio-code/resources/app/out/vs/workbench/api/node/extensionHostProcess.js:98:123880)
	at m.h (/opt/visual-studio-code/resources/app/out/vs/workbench/api/node/extensionHostProcess.js:98:125797)
	at m.g (/opt/visual-studio-code/resources/app/out/vs/workbench/api/node/extensionHostProcess.js:98:124687)
	at m.executeCommand (/opt/visual-studio-code/resources/app/out/vs/workbench/api/node/extensionHostProcess.js:98:124587)
	at Object.executeCommand (/opt/visual-studio-code/resources/app/out/vs/workbench/api/node/extensionHostProcess.js:114:23801)
	at g (/home/fufu/.vscode/extensions/eamodio.gitlens-13.5.0/dist/gitlens.js:1:868259)
	at c (/home/fufu/.vscode/extensions/eamodio.gitlens-13.5.0/dist/gitlens.js:1:608698)
	at ActionRunners._updateContextKeys (/home/fufu/.vscode/extensions/eamodio.gitlens-13.5.0/dist/gitlens.js:1:37566)
	at s (/home/fufu/.vscode/extensions/eamodio.gitlens-13.5.0/dist/gitlens.js:1:35985)
	at RegisteredActionRunner.unregister (/home/fufu/.vscode/extensions/eamodio.gitlens-13.5.0/dist/gitlens.js:1:36129)
	at RegisteredActionRunner.dispose (/home/fufu/.vscode/extensions/eamodio.gitlens-13.5.0/dist/gitlens.js:1:34794)
	at ActionRunners.dispose (/home/fufu/.vscode/extensions/eamodio.gitlens-13.5.0/dist/gitlens.js:1:35571)
	at C (/opt/visual-studio-code/resources/app/out/vs/workbench/api/node/extensionHostProcess.js:10:12084)
	at E.Y (/opt/visual-studio-code/resources/app/out/vs/workbench/api/node/extensionHostProcess.js:110:11147)
	at /opt/visual-studio-code/resources/app/out/vs/workbench/api/node/extensionHostProcess.js:110:9131
	at Array.map (<anonymous>)
	at E.R (/opt/visual-studio-code/resources/app/out/vs/workbench/api/node/extensionHostProcess.js:110:9118)
	at E.terminate (/opt/visual-studio-code/resources/app/out/vs/workbench/api/node/extensionHostProcess.js:110:9389)
	at d.terminate (/opt/visual-studio-code/resources/app/out/vs/workbench/api/node/extensionHostProcess.js:114:1544)
	at p (/opt/visual-studio-code/resources/app/out/vs/workbench/api/node/extensionHostProcess.js:124:18690)
	at MessagePortMain.<anonymous> (/opt/visual-studio-code/resources/app/out/vs/workbench/api/node/extensionHostProcess.js:124:14829)
	at MessagePortMain.emit (node:events:526:28)
	at MessagePortMain._internalPort.emit (node:electron/js2c/utility_init:5:364) setContext undefined
2023-04-30 04:46:15.171 [error] Canceled: Canceled
	at new l (/opt/visual-studio-code/resources/app/out/vs/workbench/api/node/extensionHostProcess.js:98:105190)
	at c.O (/opt/visual-studio-code/resources/app/out/vs/workbench/api/node/extensionHostProcess.js:108:11692)
	at G.<computed>.Q.charCodeAt.G.<computed> (/opt/visual-studio-code/resources/app/out/vs/workbench/api/node/extensionHostProcess.js:108:8967)
	at m.g (/opt/visual-studio-code/resources/app/out/vs/workbench/api/node/extensionHostProcess.js:98:125211)
	at m.executeCommand (/opt/visual-studio-code/resources/app/out/vs/workbench/api/node/extensionHostProcess.js:98:124587)
	at L.registerCommand.description (/opt/visual-studio-code/resources/app/out/vs/workbench/api/node/extensionHostProcess.js:98:123880)
	at m.h (/opt/visual-studio-code/resources/app/out/vs/workbench/api/node/extensionHostProcess.js:98:125797)
	at m.g (/opt/visual-studio-code/resources/app/out/vs/workbench/api/node/extensionHostProcess.js:98:124687)
	at m.executeCommand (/opt/visual-studio-code/resources/app/out/vs/workbench/api/node/extensionHostProcess.js:98:124587)
	at Object.executeCommand (/opt/visual-studio-code/resources/app/out/vs/workbench/api/node/extensionHostProcess.js:114:23801)
	at g (/home/fufu/.vscode/extensions/eamodio.gitlens-13.5.0/dist/gitlens.js:1:868259)
	at c (/home/fufu/.vscode/extensions/eamodio.gitlens-13.5.0/dist/gitlens.js:1:608698)
	at ActionRunners._updateContextKeys (/home/fufu/.vscode/extensions/eamodio.gitlens-13.5.0/dist/gitlens.js:1:37566)
	at s (/home/fufu/.vscode/extensions/eamodio.gitlens-13.5.0/dist/gitlens.js:1:35985)
	at RegisteredActionRunner.unregister (/home/fufu/.vscode/extensions/eamodio.gitlens-13.5.0/dist/gitlens.js:1:36129)
	at RegisteredActionRunner.dispose (/home/fufu/.vscode/extensions/eamodio.gitlens-13.5.0/dist/gitlens.js:1:34794)
	at ActionRunners.dispose (/home/fufu/.vscode/extensions/eamodio.gitlens-13.5.0/dist/gitlens.js:1:35571)
	at C (/opt/visual-studio-code/resources/app/out/vs/workbench/api/node/extensionHostProcess.js:10:12084)
	at E.Y (/opt/visual-studio-code/resources/app/out/vs/workbench/api/node/extensionHostProcess.js:110:11147)
	at /opt/visual-studio-code/resources/app/out/vs/workbench/api/node/extensionHostProcess.js:110:9131
	at Array.map (<anonymous>)
	at E.R (/opt/visual-studio-code/resources/app/out/vs/workbench/api/node/extensionHostProcess.js:110:9118)
	at E.terminate (/opt/visual-studio-code/resources/app/out/vs/workbench/api/node/extensionHostProcess.js:110:9389)
	at d.terminate (/opt/visual-studio-code/resources/app/out/vs/workbench/api/node/extensionHostProcess.js:114:1544)
	at p (/opt/visual-studio-code/resources/app/out/vs/workbench/api/node/extensionHostProcess.js:124:18690)
	at MessagePortMain.<anonymous> (/opt/visual-studio-code/resources/app/out/vs/workbench/api/node/extensionHostProcess.js:124:14829)
	at MessagePortMain.emit (node:events:526:28)
	at MessagePortMain._internalPort.emit (node:electron/js2c/utility_init:5:364) setContext undefined
2023-04-30 04:46:15.171 [error] Canceled: Canceled
	at new l (/opt/visual-studio-code/resources/app/out/vs/workbench/api/node/extensionHostProcess.js:98:105190)
	at c.O (/opt/visual-studio-code/resources/app/out/vs/workbench/api/node/extensionHostProcess.js:108:11692)
	at G.<computed>.Q.charCodeAt.G.<computed> (/opt/visual-studio-code/resources/app/out/vs/workbench/api/node/extensionHostProcess.js:108:8967)
	at m.g (/opt/visual-studio-code/resources/app/out/vs/workbench/api/node/extensionHostProcess.js:98:125211)
	at m.executeCommand (/opt/visual-studio-code/resources/app/out/vs/workbench/api/node/extensionHostProcess.js:98:124587)
	at L.registerCommand.description (/opt/visual-studio-code/resources/app/out/vs/workbench/api/node/extensionHostProcess.js:98:123880)
	at m.h (/opt/visual-studio-code/resources/app/out/vs/workbench/api/node/extensionHostProcess.js:98:125797)
	at m.g (/opt/visual-studio-code/resources/app/out/vs/workbench/api/node/extensionHostProcess.js:98:124687)
	at m.executeCommand (/opt/visual-studio-code/resources/app/out/vs/workbench/api/node/extensionHostProcess.js:98:124587)
	at Object.executeCommand (/opt/visual-studio-code/resources/app/out/vs/workbench/api/node/extensionHostProcess.js:114:23801)
	at g (/home/fufu/.vscode/extensions/eamodio.gitlens-13.5.0/dist/gitlens.js:1:868259)
	at c (/home/fufu/.vscode/extensions/eamodio.gitlens-13.5.0/dist/gitlens.js:1:608698)
	at ActionRunners._updateContextKeys (/home/fufu/.vscode/extensions/eamodio.gitlens-13.5.0/dist/gitlens.js:1:37566)
	at s (/home/fufu/.vscode/extensions/eamodio.gitlens-13.5.0/dist/gitlens.js:1:35985)
	at RegisteredActionRunner.unregister (/home/fufu/.vscode/extensions/eamodio.gitlens-13.5.0/dist/gitlens.js:1:36129)
	at RegisteredActionRunner.dispose (/home/fufu/.vscode/extensions/eamodio.gitlens-13.5.0/dist/gitlens.js:1:34794)
	at Object.dispose (/home/fufu/.vscode/extensions/eamodio.gitlens-13.5.0/dist/gitlens.js:1:36226)
	at C (/opt/visual-studio-code/resources/app/out/vs/workbench/api/node/extensionHostProcess.js:10:12084)
	at E.Y (/opt/visual-studio-code/resources/app/out/vs/workbench/api/node/extensionHostProcess.js:110:11147)
	at /opt/visual-studio-code/resources/app/out/vs/workbench/api/node/extensionHostProcess.js:110:9131
	at Array.map (<anonymous>)
	at E.R (/opt/visual-studio-code/resources/app/out/vs/workbench/api/node/extensionHostProcess.js:110:9118)
	at E.terminate (/opt/visual-studio-code/resources/app/out/vs/workbench/api/node/extensionHostProcess.js:110:9389)
	at d.terminate (/opt/visual-studio-code/resources/app/out/vs/workbench/api/node/extensionHostProcess.js:114:1544)
	at p (/opt/visual-studio-code/resources/app/out/vs/workbench/api/node/extensionHostProcess.js:124:18690)
	at MessagePortMain.<anonymous> (/opt/visual-studio-code/resources/app/out/vs/workbench/api/node/extensionHostProcess.js:124:14829)
	at MessagePortMain.emit (node:events:526:28)
	at MessagePortMain._internalPort.emit (node:electron/js2c/utility_init:5:364) setContext undefined
2023-04-30 04:46:15.171 [error] Canceled: Canceled
	at new l (/opt/visual-studio-code/resources/app/out/vs/workbench/api/node/extensionHostProcess.js:98:105190)
	at c.O (/opt/visual-studio-code/resources/app/out/vs/workbench/api/node/extensionHostProcess.js:108:11692)
	at G.<computed>.Q.charCodeAt.G.<computed> (/opt/visual-studio-code/resources/app/out/vs/workbench/api/node/extensionHostProcess.js:108:8967)
	at m.g (/opt/visual-studio-code/resources/app/out/vs/workbench/api/node/extensionHostProcess.js:98:125211)
	at m.executeCommand (/opt/visual-studio-code/resources/app/out/vs/workbench/api/node/extensionHostProcess.js:98:124587)
	at L.registerCommand.description (/opt/visual-studio-code/resources/app/out/vs/workbench/api/node/extensionHostProcess.js:98:123880)
	at m.h (/opt/visual-studio-code/resources/app/out/vs/workbench/api/node/extensionHostProcess.js:98:125797)
	at m.g (/opt/visual-studio-code/resources/app/out/vs/workbench/api/node/extensionHostProcess.js:98:124687)
	at m.executeCommand (/opt/visual-studio-code/resources/app/out/vs/workbench/api/node/extensionHostProcess.js:98:124587)
	at Object.executeCommand (/opt/visual-studio-code/resources/app/out/vs/workbench/api/node/extensionHostProcess.js:114:23801)
	at g (/home/fufu/.vscode/extensions/eamodio.gitlens-13.5.0/dist/gitlens.js:1:868259)
	at c (/home/fufu/.vscode/extensions/eamodio.gitlens-13.5.0/dist/gitlens.js:1:608698)
	at ActionRunners._updateContextKeys (/home/fufu/.vscode/extensions/eamodio.gitlens-13.5.0/dist/gitlens.js:1:37566)
	at s (/home/fufu/.vscode/extensions/eamodio.gitlens-13.5.0/dist/gitlens.js:1:35985)
	at RegisteredActionRunner.unregister (/home/fufu/.vscode/extensions/eamodio.gitlens-13.5.0/dist/gitlens.js:1:36129)
	at RegisteredActionRunner.dispose (/home/fufu/.vscode/extensions/eamodio.gitlens-13.5.0/dist/gitlens.js:1:34794)
	at Object.dispose (/home/fufu/.vscode/extensions/eamodio.gitlens-13.5.0/dist/gitlens.js:1:36226)
	at C (/opt/visual-studio-code/resources/app/out/vs/workbench/api/node/extensionHostProcess.js:10:12084)
	at E.Y (/opt/visual-studio-code/resources/app/out/vs/workbench/api/node/extensionHostProcess.js:110:11147)
	at /opt/visual-studio-code/resources/app/out/vs/workbench/api/node/extensionHostProcess.js:110:9131
	at Array.map (<anonymous>)
	at E.R (/opt/visual-studio-code/resources/app/out/vs/workbench/api/node/extensionHostProcess.js:110:9118)
	at E.terminate (/opt/visual-studio-code/resources/app/out/vs/workbench/api/node/extensionHostProcess.js:110:9389)
	at d.terminate (/opt/visual-studio-code/resources/app/out/vs/workbench/api/node/extensionHostProcess.js:114:1544)
	at p (/opt/visual-studio-code/resources/app/out/vs/workbench/api/node/extensionHostProcess.js:124:18690)
	at MessagePortMain.<anonymous> (/opt/visual-studio-code/resources/app/out/vs/workbench/api/node/extensionHostProcess.js:124:14829)
	at MessagePortMain.emit (node:events:526:28)
	at MessagePortMain._internalPort.emit (node:electron/js2c/utility_init:5:364) setContext undefined
2023-04-30 04:46:15.171 [error] Canceled: Canceled
	at new l (/opt/visual-studio-code/resources/app/out/vs/workbench/api/node/extensionHostProcess.js:98:105190)
	at c.O (/opt/visual-studio-code/resources/app/out/vs/workbench/api/node/extensionHostProcess.js:108:11692)
	at G.<computed>.Q.charCodeAt.G.<computed> (/opt/visual-studio-code/resources/app/out/vs/workbench/api/node/extensionHostProcess.js:108:8967)
	at m.g (/opt/visual-studio-code/resources/app/out/vs/workbench/api/node/extensionHostProcess.js:98:125211)
	at m.executeCommand (/opt/visual-studio-code/resources/app/out/vs/workbench/api/node/extensionHostProcess.js:98:124587)
	at L.registerCommand.description (/opt/visual-studio-code/resources/app/out/vs/workbench/api/node/extensionHostProcess.js:98:123880)
	at m.h (/opt/visual-studio-code/resources/app/out/vs/workbench/api/node/extensionHostProcess.js:98:125797)
	at m.g (/opt/visual-studio-code/resources/app/out/vs/workbench/api/node/extensionHostProcess.js:98:124687)
	at m.executeCommand (/opt/visual-studio-code/resources/app/out/vs/workbench/api/node/extensionHostProcess.js:98:124587)
	at Object.executeCommand (/opt/visual-studio-code/resources/app/out/vs/workbench/api/node/extensionHostProcess.js:114:23801)
	at g (/home/fufu/.vscode/extensions/eamodio.gitlens-13.5.0/dist/gitlens.js:1:868259)
	at c (/home/fufu/.vscode/extensions/eamodio.gitlens-13.5.0/dist/gitlens.js:1:608698)
	at ActionRunners._updateContextKeys (/home/fufu/.vscode/extensions/eamodio.gitlens-13.5.0/dist/gitlens.js:1:37566)
	at s (/home/fufu/.vscode/extensions/eamodio.gitlens-13.5.0/dist/gitlens.js:1:35985)
	at RegisteredActionRunner.unregister (/home/fufu/.vscode/extensions/eamodio.gitlens-13.5.0/dist/gitlens.js:1:36129)
	at RegisteredActionRunner.dispose (/home/fufu/.vscode/extensions/eamodio.gitlens-13.5.0/dist/gitlens.js:1:34794)
	at Object.dispose (/home/fufu/.vscode/extensions/eamodio.gitlens-13.5.0/dist/gitlens.js:1:36226)
	at C (/opt/visual-studio-code/resources/app/out/vs/workbench/api/node/extensionHostProcess.js:10:12084)
	at E.Y (/opt/visual-studio-code/resources/app/out/vs/workbench/api/node/extensionHostProcess.js:110:11147)
	at /opt/visual-studio-code/resources/app/out/vs/workbench/api/node/extensionHostProcess.js:110:9131
	at Array.map (<anonymous>)
	at E.R (/opt/visual-studio-code/resources/app/out/vs/workbench/api/node/extensionHostProcess.js:110:9118)
	at E.terminate (/opt/visual-studio-code/resources/app/out/vs/workbench/api/node/extensionHostProcess.js:110:9389)
	at d.terminate (/opt/visual-studio-code/resources/app/out/vs/workbench/api/node/extensionHostProcess.js:114:1544)
	at p (/opt/visual-studio-code/resources/app/out/vs/workbench/api/node/extensionHostProcess.js:124:18690)
	at MessagePortMain.<anonymous> (/opt/visual-studio-code/resources/app/out/vs/workbench/api/node/extensionHostProcess.js:124:14829)
	at MessagePortMain.emit (node:events:526:28)
	at MessagePortMain._internalPort.emit (node:electron/js2c/utility_init:5:364) setContext undefined
2023-04-30 04:46:15.171 [info] Extension host with pid 2158 exiting with code 0
