2023-04-30 04:46:34.104 [info] Log level: Info
2023-04-30 04:46:34.104 [info] Validating found git in: "git"
2023-04-30 04:46:34.104 [info] Using git "2.40.1" from "git"
2023-04-30 04:46:34.104 [info] > git rev-parse --show-toplevel [3ms]
2023-04-30 04:46:34.104 [info] fatal: not a git repository (or any of the parent directories): .git
2023-04-30 04:46:34.104 [info] > git rev-parse --show-toplevel [3ms]
2023-04-30 04:46:34.104 [info] fatal: not a git repository (or any of the parent directories): .git
2023-04-30 04:46:34.105 [info] > git rev-parse --show-toplevel [4ms]
2023-04-30 04:46:34.105 [info] fatal: not a git repository (or any of the parent directories): .git
2023-04-30 04:46:34.142 [info] > git rev-parse --show-toplevel [33ms]
2023-04-30 04:46:34.239 [info] > git rev-parse --git-dir --git-common-dir [47ms]
2023-04-30 04:46:34.251 [info] Open repository: /home/fufu/.mozilla/firefox/6dn0edr8.default-release/chrome
2023-04-30 04:46:34.271 [info] > git rev-parse --show-toplevel [12ms]
2023-04-30 04:46:34.271 [info] fatal: not a git repository (or any of the parent directories): .git
2023-04-30 04:46:34.281 [info] > git rev-parse --show-toplevel [6ms]
2023-04-30 04:46:34.281 [info] fatal: not a git repository (or any of the parent directories): .git
2023-04-30 04:46:34.286 [info] > git config --get commit.template [20ms]
2023-04-30 04:46:34.287 [info] > git rev-parse --show-toplevel [2ms]
2023-04-30 04:46:34.287 [info] fatal: not a git repository (or any of the parent directories): .git
2023-04-30 04:46:34.295 [info] > git rev-parse --show-toplevel [4ms]
2023-04-30 04:46:34.295 [info] fatal: not a git repository (or any of the parent directories): .git
2023-04-30 04:46:34.300 [info] > git for-each-ref --format=%(refname)%00%(upstream:short)%00%(objectname)%00%(upstream:track)%00%(upstream:remotename)%00%(upstream:remoteref) refs/heads/master refs/remotes/master [6ms]
2023-04-30 04:46:34.306 [info] > git rev-parse --show-toplevel [7ms]
2023-04-30 04:46:34.306 [info] fatal: not a git repository (or any of the parent directories): .git
2023-04-30 04:46:34.311 [info] > git rev-parse --show-toplevel [1ms]
2023-04-30 04:46:34.311 [info] fatal: not a git repository (or any of the parent directories): .git
2023-04-30 04:46:34.331 [info] > git rev-parse --show-toplevel [15ms]
2023-04-30 04:46:34.331 [info] fatal: not a git repository (or any of the parent directories): .git
2023-04-30 04:46:34.347 [info] > git status -z -uall [42ms]
2023-04-30 04:46:34.347 [info] > git rev-parse --show-toplevel [12ms]
2023-04-30 04:46:34.347 [info] fatal: not a git repository (or any of the parent directories): .git
2023-04-30 04:46:34.369 [info] > git rev-parse --show-toplevel [17ms]
2023-04-30 04:46:34.369 [info] fatal: not a git repository (or any of the parent directories): .git
2023-04-30 04:46:34.378 [info] > git rev-parse --show-toplevel [4ms]
2023-04-30 04:46:34.378 [info] fatal: not a git repository (or any of the parent directories): .git
2023-04-30 04:46:34.384 [info] > git config --get commit.template [16ms]
2023-04-30 04:46:34.385 [info] > git rev-parse --show-toplevel [2ms]
2023-04-30 04:46:34.385 [info] fatal: not a git repository (or any of the parent directories): .git
2023-04-30 04:46:34.396 [info] > git rev-parse --show-toplevel [4ms]
2023-04-30 04:46:34.396 [info] fatal: not a git repository (or any of the parent directories): .git
2023-04-30 04:46:34.405 [info] > git rev-parse --show-toplevel [6ms]
2023-04-30 04:46:34.405 [info] fatal: not a git repository (or any of the parent directories): .git
2023-04-30 04:46:34.406 [info] > git for-each-ref --format=%(refname)%00%(upstream:short)%00%(objectname)%00%(upstream:track)%00%(upstream:remotename)%00%(upstream:remoteref) refs/heads/master refs/remotes/master [11ms]
2023-04-30 04:46:34.430 [info] > git status -z -uall [21ms]
2023-04-30 04:46:34.938 [info] > git rev-parse --show-toplevel [1ms]
2023-04-30 04:46:34.944 [info] > git rev-parse --show-toplevel [1ms]
2023-04-30 04:46:39.527 [info] > git fetch [5276ms]
2023-04-30 04:46:39.537 [info] > git config --get commit.template [2ms]
2023-04-30 04:46:39.542 [info] > git for-each-ref --format=%(refname)%00%(upstream:short)%00%(objectname)%00%(upstream:track)%00%(upstream:remotename)%00%(upstream:remoteref) refs/heads/master refs/remotes/master [1ms]
2023-04-30 04:46:39.561 [info] > git status -z -uall [16ms]
2023-04-30 04:46:40.068 [info] > git rev-parse --show-toplevel [2ms]
2023-04-30 04:46:40.073 [info] > git rev-parse --show-toplevel [1ms]
2023-04-30 04:46:40.609 [info] > git config --get commit.template [1ms]
2023-04-30 04:46:40.613 [info] > git for-each-ref --format=%(refname)%00%(upstream:short)%00%(objectname)%00%(upstream:track)%00%(upstream:remotename)%00%(upstream:remoteref) refs/heads/master refs/remotes/master [1ms]
2023-04-30 04:46:40.632 [info] > git status -z -uall [15ms]
2023-04-30 04:46:41.139 [info] > git rev-parse --show-toplevel [1ms]
2023-04-30 04:46:41.143 [info] > git rev-parse --show-toplevel [1ms]
