2023-04-30 13:01:08.650 [info] [SharedProcess] using utility process
2023-04-30 13:01:08.723 [info] update#setState idle
2023-04-30 13:01:09.314 [info] [UtilityProcess type: shared-process, pid: <none>]: creating new...
2023-04-30 13:01:09.321 [info] [UtilityProcess id: 2, type: fileWatcher, pid: <none>]: creating new...
2023-04-30 13:01:09.328 [info] [UtilityProcess type: shared-process, pid: 3290]: successfully created
2023-04-30 13:01:09.330 [info] [UtilityProcess id: 2, type: fileWatcher, pid: 3291]: successfully created
2023-04-30 13:01:09.439 [info] [UtilityProcess id: 1, type: extensionHost, pid: <none>]: creating new...
2023-04-30 13:01:09.445 [info] [UtilityProcess id: 1, type: extensionHost, pid: 3320]: successfully created
2023-04-30 13:01:09.448 [info] [UtilityProcess id: 2, type: extensionHost, pid: <none>]: creating new...
2023-04-30 13:01:09.454 [info] [UtilityProcess id: 2, type: extensionHost, pid: 3326]: successfully created
2023-04-30 13:01:09.645 [info] [UtilityProcess id: 1, type: fileWatcher, pid: <none>]: creating new...
2023-04-30 13:01:09.650 [info] [UtilityProcess id: 1, type: fileWatcher, pid: 3366]: successfully created
2023-04-30 13:01:16.330 [info] [UtilityProcess id: 1, type: fileWatcher, pid: 3366]: attempting to kill the process...
2023-04-30 13:01:16.331 [info] [UtilityProcess id: 1, type: fileWatcher, pid: 3366]: successfully killed the process
2023-04-30 13:01:16.332 [info] [UtilityProcess id: 2, type: extensionHost, pid: 3326]: received exit event with code 0
2023-04-30 13:01:16.333 [info] Extension host with pid 3326 exited with code: 0, signal: unknown.
2023-04-30 13:01:16.335 [info] [UtilityProcess id: 1, type: fileWatcher, pid: 3366]: received exit event with code 15
2023-04-30 13:01:16.335 [error] [UtilityProcessWorker]: terminated unexpectedly with code 15, signal: unknown
2023-04-30 13:01:16.336 [error] [UtilityProcess id: 1, type: fileWatcher, pid: 3366]: crashed with code 15 and reason 'killed'
2023-04-30 13:01:36.843 [info] [UtilityProcess id: 1, type: extensionHost, pid: 3320]: waiting to exit...
2023-04-30 13:01:36.844 [info] [UtilityProcess id: 2, type: fileWatcher, pid: 3291]: attempting to kill the process...
2023-04-30 13:01:36.844 [info] [UtilityProcess id: 2, type: fileWatcher, pid: 3291]: successfully killed the process
2023-04-30 13:01:36.847 [info] [UtilityProcess id: 1, type: extensionHost, pid: 3320]: received exit event with code 0
2023-04-30 13:01:36.847 [info] Extension host with pid 3320 exited with code: 0, signal: unknown.
2023-04-30 13:01:36.848 [info] [UtilityProcess id: 2, type: fileWatcher, pid: 3291]: received exit event with code 0
