2023-04-30 04:44:24.679 [info] Log level: Info
2023-04-30 04:44:24.679 [info] Validating found git in: "git"
2023-04-30 04:44:24.679 [info] Using git "2.40.1" from "git"
2023-04-30 04:44:24.679 [info] > git rev-parse --show-toplevel [3ms]
2023-04-30 04:44:24.679 [info] fatal: not a git repository (or any of the parent directories): .git
2023-04-30 04:44:24.680 [info] > git rev-parse --show-toplevel [4ms]
2023-04-30 04:44:24.680 [info] fatal: not a git repository (or any of the parent directories): .git
2023-04-30 04:44:24.722 [info] > git rev-parse --show-toplevel [39ms]
2023-04-30 04:44:24.722 [info] fatal: not a git repository (or any of the parent directories): .git
2023-04-30 04:44:24.779 [info] > git rev-parse --show-toplevel [53ms]
2023-04-30 04:44:24.809 [info] > git rev-parse --git-dir --git-common-dir [4ms]
2023-04-30 04:44:24.818 [info] Open repository: /home/fufu/.mozilla/firefox/6dn0edr8.default-release/chrome
2023-04-30 04:44:24.834 [info] > git rev-parse --show-toplevel [10ms]
2023-04-30 04:44:24.834 [info] fatal: not a git repository (or any of the parent directories): .git
2023-04-30 04:44:24.840 [info] > git rev-parse --show-toplevel [1ms]
2023-04-30 04:44:24.840 [info] fatal: not a git repository (or any of the parent directories): .git
2023-04-30 04:44:24.844 [info] > git config --get commit.template [16ms]
2023-04-30 04:44:24.853 [info] > git rev-parse --show-toplevel [9ms]
2023-04-30 04:44:24.853 [info] fatal: not a git repository (or any of the parent directories): .git
2023-04-30 04:44:24.872 [info] > git rev-parse --show-toplevel [13ms]
2023-04-30 04:44:24.872 [info] fatal: not a git repository (or any of the parent directories): .git
2023-04-30 04:44:24.879 [info] > git rev-parse --show-toplevel [1ms]
2023-04-30 04:44:24.879 [info] fatal: not a git repository (or any of the parent directories): .git
2023-04-30 04:44:24.884 [info] > git for-each-ref --format=%(refname)%00%(upstream:short)%00%(objectname)%00%(upstream:track)%00%(upstream:remotename)%00%(upstream:remoteref) refs/heads/master refs/remotes/master [13ms]
2023-04-30 04:44:24.890 [info] > git rev-parse --show-toplevel [7ms]
2023-04-30 04:44:24.890 [info] fatal: not a git repository (or any of the parent directories): .git
2023-04-30 04:44:24.896 [info] > git rev-parse --show-toplevel [1ms]
2023-04-30 04:44:24.896 [info] fatal: not a git repository (or any of the parent directories): .git
2023-04-30 04:44:24.902 [info] > git rev-parse --show-toplevel [1ms]
2023-04-30 04:44:24.902 [info] fatal: not a git repository (or any of the parent directories): .git
2023-04-30 04:44:24.921 [info] > git status -z -uall [32ms]
2023-04-30 04:44:24.936 [info] > git rev-parse --show-toplevel [30ms]
2023-04-30 04:44:24.936 [info] fatal: not a git repository (or any of the parent directories): .git
2023-04-30 04:44:24.946 [info] > git rev-parse --show-toplevel [5ms]
2023-04-30 04:44:24.946 [info] fatal: not a git repository (or any of the parent directories): .git
2023-04-30 04:44:24.961 [info] > git rev-parse --show-toplevel [11ms]
2023-04-30 04:44:24.961 [info] fatal: not a git repository (or any of the parent directories): .git
2023-04-30 04:44:24.966 [info] > git config --get commit.template [21ms]
2023-04-30 04:44:24.967 [info] > git rev-parse --show-toplevel [2ms]
2023-04-30 04:44:24.967 [info] fatal: not a git repository (or any of the parent directories): .git
2023-04-30 04:44:24.979 [info] > git rev-parse --show-toplevel [8ms]
2023-04-30 04:44:24.979 [info] fatal: not a git repository (or any of the parent directories): .git
2023-04-30 04:44:24.980 [info] > git for-each-ref --format=%(refname)%00%(upstream:short)%00%(objectname)%00%(upstream:track)%00%(upstream:remotename)%00%(upstream:remoteref) refs/heads/master refs/remotes/master [5ms]
2023-04-30 04:44:25.002 [info] > git status -z -uall [18ms]
2023-04-30 04:44:25.510 [info] > git rev-parse --show-toplevel [1ms]
2023-04-30 04:44:25.517 [info] > git rev-parse --show-toplevel [0ms]
2023-04-30 04:44:30.228 [info] > git fetch [5294ms]
2023-04-30 04:44:30.236 [info] > git config --get commit.template [1ms]
2023-04-30 04:44:30.241 [info] > git for-each-ref --format=%(refname)%00%(upstream:short)%00%(objectname)%00%(upstream:track)%00%(upstream:remotename)%00%(upstream:remoteref) refs/heads/master refs/remotes/master [1ms]
2023-04-30 04:44:30.263 [info] > git status -z -uall [18ms]
2023-04-30 04:44:30.775 [info] > git rev-parse --show-toplevel [1ms]
2023-04-30 04:44:30.780 [info] > git rev-parse --show-toplevel [0ms]
2023-04-30 04:44:31.309 [info] > git config --get commit.template [1ms]
2023-04-30 04:44:31.314 [info] > git for-each-ref --format=%(refname)%00%(upstream:short)%00%(objectname)%00%(upstream:track)%00%(upstream:remotename)%00%(upstream:remoteref) refs/heads/master refs/remotes/master [1ms]
2023-04-30 04:44:31.334 [info] > git status -z -uall [16ms]
2023-04-30 04:44:31.844 [info] > git rev-parse --show-toplevel [1ms]
2023-04-30 04:44:31.851 [info] > git rev-parse --show-toplevel [1ms]
